<?xml version="1.0" encoding="utf-8"?><testsuites name="pytest tests"><testsuite name="pytest" errors="0" failures="0" skipped="1" tests="6" time="2.147" timestamp="2026-01-27T14:22:14.441519+00:00" hostname="agent-env-1229ef21-e5c5-430e-b6ee-8693a64034b1"><testcase classname="backend.tests.test_owner_restaurant_settings.TestOwnerRestaurantSettings" name="test_owner_login_returns_super_admin_role" time="0.568" /><testcase classname="backend.tests.test_owner_restaurant_settings.TestOwnerRestaurantSettings" name="test_owner_can_get_restaurant_settings" time="0.303" /><testcase classname="backend.tests.test_owner_restaurant_settings.TestOwnerRestaurantSettings" name="test_owner_can_update_restaurant_settings" time="0.358" /><testcase classname="backend.tests.test_owner_restaurant_settings.TestOwnerRestaurantSettings" name="test_owner_can_upload_restaurant_logo" time="0.373" /><testcase classname="backend.tests.test_owner_restaurant_settings.TestOwnerRestaurantSettings" name="test_unauthorized_without_token" time="0.301" /><testcase classname="backend.tests.test_owner_restaurant_settings.TestAdminRestaurantSettings" name="test_admin_can_update_restaurant_settings" time="0.080"><skipped type="pytest.skip" message="Admin login failed">/app/backend/tests/test_owner_restaurant_settings.py:161: Admin login failed</skipped></testcase></testsuite></testsuites>