<?xml version="1.0" encoding="utf-8"?><testsuites name="pytest tests"><testsuite name="pytest" errors="0" failures="0" skipped="0" tests="21" time="7.143" timestamp="2026-01-14T16:52:33.777189+00:00" hostname="agent-env-4737e2a9-80b1-434e-9514-fc2a5bacdfe3"><testcase classname="tests.test_iteration7_hr_warehouse.TestTenantAdminAuth" name="test_tenant_admin_login_success" time="0.320" /><testcase classname="tests.test_iteration7_hr_warehouse.TestUserCreationWithTenantId" name="test_create_user_by_tenant_admin" time="0.562" /><testcase classname="tests.test_iteration7_hr_warehouse.TestUserCreationWithTenantId" name="test_get_users_list" time="0.291" /><testcase classname="tests.test_iteration7_hr_warehouse.TestEmployeesAPI" name="test_get_employees_list" time="0.312" /><testcase classname="tests.test_iteration7_hr_warehouse.TestEmployeesAPI" name="test_create_employee" time="0.381" /><testcase classname="tests.test_iteration7_hr_warehouse.TestEmployeesAPI" name="test_get_employee_by_id" time="0.374" /><testcase classname="tests.test_iteration7_hr_warehouse.TestAttendanceAPI" name="test_get_attendance_list" time="0.296" /><testcase classname="tests.test_iteration7_hr_warehouse.TestAttendanceAPI" name="test_create_attendance" time="0.371" /><testcase classname="tests.test_iteration7_hr_warehouse.TestAdvancesAPI" name="test_get_advances_list" time="0.295" /><testcase classname="tests.test_iteration7_hr_warehouse.TestAdvancesAPI" name="test_create_advance" time="0.335" /><testcase classname="tests.test_iteration7_hr_warehouse.TestDeductionsAPI" name="test_get_deductions_list" time="0.293" /><testcase classname="tests.test_iteration7_hr_warehouse.TestDeductionsAPI" name="test_create_deduction" time="0.333" /><testcase classname="tests.test_iteration7_hr_warehouse.TestBonusesAPI" name="test_get_bonuses_list" time="0.331" /><testcase classname="tests.test_iteration7_hr_warehouse.TestBonusesAPI" name="test_create_bonus" time="0.366" /><testcase classname="tests.test_iteration7_hr_warehouse.TestPayrollAPI" name="test_get_payroll_list" time="0.306" /><testcase classname="tests.test_iteration7_hr_warehouse.TestPayrollAPI" name="test_calculate_payroll" time="0.335" /><testcase classname="tests.test_iteration7_hr_warehouse.TestInventoryTransfersAPI" name="test_get_inventory_transfers_list" time="0.292" /><testcase classname="tests.test_iteration7_hr_warehouse.TestInventoryTransfersAPI" name="test_create_inventory_transfer" time="0.331" /><testcase classname="tests.test_iteration7_hr_warehouse.TestPurchaseRequestsAPI" name="test_get_purchase_requests_list" time="0.338" /><testcase classname="tests.test_iteration7_hr_warehouse.TestPurchaseRequestsAPI" name="test_create_purchase_request" time="0.364" /><testcase classname="tests.test_iteration7_hr_warehouse.TestMainAdminAuth" name="test_main_admin_login_success" time="0.256" /></testsuite></testsuites>