<?xml version="1.0" encoding="utf-8"?><testsuites name="pytest tests"><testsuite name="pytest" errors="0" failures="0" skipped="0" tests="9" time="0.963" timestamp="2026-01-16T17:24:56.759756+00:00" hostname="agent-env-e945bf4b-1daf-4363-a50e-0760ecc0d81f"><testcase classname="tests.test_iteration12_superadmin_logo.TestSuperAdminLogin" name="test_super_admin_login_success" time="0.294" /><testcase classname="tests.test_iteration12_superadmin_logo.TestSuperAdminLogin" name="test_super_admin_login_wrong_secret" time="0.040" /><testcase classname="tests.test_iteration12_superadmin_logo.TestSuperAdminLogin" name="test_super_admin_login_wrong_password" time="0.297" /><testcase classname="tests.test_iteration12_superadmin_logo.TestTenantList" name="test_get_tenants_list" time="0.043" /><testcase classname="tests.test_iteration12_superadmin_logo.TestLogoUpload" name="test_upload_logo_with_file" time="0.040" /><testcase classname="tests.test_iteration12_superadmin_logo.TestLogoUpload" name="test_uploaded_logo_accessible" time="0.033" /><testcase classname="tests.test_iteration12_superadmin_logo.TestTenantUpdate" name="test_update_tenant_with_logo_url" time="0.076" /><testcase classname="tests.test_iteration12_superadmin_logo.TestTenantUpdate" name="test_get_tenant_details_with_logo" time="0.040" /><testcase classname="tests.test_iteration12_superadmin_logo.TestSuperAdminStats" name="test_get_super_admin_stats" time="0.038" /></testsuite></testsuites>