<?xml version="1.0" encoding="utf-8"?><testsuites name="pytest tests"><testsuite name="pytest" errors="0" failures="0" skipped="2" tests="14" time="2.178" timestamp="2026-02-09T20:32:10.603290+00:00" hostname="agent-env-f41d14e4-471e-4de4-9fd5-93681769b936"><testcase classname="backend.tests.test_driver_app_push_iter57.TestDriverAppLogin" name="test_driver_login_with_valid_phone" time="0.053" /><testcase classname="backend.tests.test_driver_app_push_iter57.TestDriverAppLogin" name="test_driver_login_with_invalid_phone" time="0.038" /><testcase classname="backend.tests.test_driver_app_push_iter57.TestDriverOrders" name="test_get_driver_orders_with_valid_id" time="0.075" /><testcase classname="backend.tests.test_driver_app_push_iter57.TestDriverOrders" name="test_get_driver_orders_with_invalid_id" time="0.034" /><testcase classname="backend.tests.test_driver_app_push_iter57.TestOrderStatusUpdate" name="test_update_order_status_requires_auth" time="0.037" /><testcase classname="backend.tests.test_driver_app_push_iter57.TestOrderStatusUpdate" name="test_update_order_status_invalid_order_with_auth" time="0.333" /><testcase classname="backend.tests.test_driver_app_push_iter57.TestPushNotifications" name="test_push_subscribe" time="0.078" /><testcase classname="backend.tests.test_driver_app_push_iter57.TestPushNotifications" name="test_push_unsubscribe" time="0.072" /><testcase classname="backend.tests.test_driver_app_push_iter57.TestPushNotifications" name="test_push_subscribe_driver" time="0.111" /><testcase classname="backend.tests.test_driver_app_push_iter57.TestDriverLocationTracking" name="test_update_driver_location" time="0.342"><skipped type="pytest.skip" message="No auth token or driver available">/app/backend/tests/test_driver_app_push_iter57.py:289: No auth token or driver available</skipped></testcase><testcase classname="backend.tests.test_driver_app_push_iter57.TestDriverLocationTracking" name="test_get_driver_location" time="0.325"><skipped type="pytest.skip" message="No auth token or driver available">/app/backend/tests/test_driver_app_push_iter57.py:316: No auth token or driver available</skipped></testcase><testcase classname="backend.tests.test_driver_app_push_iter57.TestCustomerOrderDriverInfo" name="test_get_order_driver_info_invalid_order" time="0.034" /><testcase classname="backend.tests.test_driver_app_push_iter57.TestDriverAppIntegration" name="test_full_driver_flow" time="0.551" /><testcase classname="backend.tests.test_driver_app_push_iter57.TestServiceWorkerEndpoints" name="test_sw_push_file_exists" time="0.037" /></testsuite></testsuites>