<?xml version="1.0" encoding="utf-8"?><testsuites name="pytest tests"><testsuite name="pytest" errors="0" failures="0" skipped="1" tests="10" time="1.407" timestamp="2026-02-09T21:06:56.927952+00:00" hostname="agent-env-82147e9a-d89e-40f2-b4da-9e6790a99e55"><testcase classname="backend.tests.test_driver_pin_auth_iter58.TestDriverPINAuthentication" name="test_01_driver_login_with_correct_pin" time="0.068" /><testcase classname="backend.tests.test_driver_pin_auth_iter58.TestDriverPINAuthentication" name="test_02_driver_login_with_wrong_pin" time="0.035" /><testcase classname="backend.tests.test_driver_pin_auth_iter58.TestDriverPINAuthentication" name="test_03_driver_login_without_pin" time="0.037" /><testcase classname="backend.tests.test_driver_pin_auth_iter58.TestDriverPINAuthentication" name="test_04_create_driver_with_pin" time="0.383" /><testcase classname="backend.tests.test_driver_pin_auth_iter58.TestDriverPINAuthentication" name="test_05_update_driver_pin" time="0.347"><skipped type="pytest.skip" message="PIN update endpoint not working as expected">/app/backend/tests/test_driver_pin_auth_iter58.py:259: PIN update endpoint not working as expected</skipped></testcase><testcase classname="backend.tests.test_driver_pin_auth_iter58.TestDriverPINAuthentication" name="test_06_driver_location_update_after_login" time="0.045" /><testcase classname="backend.tests.test_driver_pin_auth_iter58.TestDriverPINAuthentication" name="test_07_driver_login_inactive_driver" time="0.340" /><testcase classname="backend.tests.test_driver_pin_auth_iter58.TestDriverPINEdgeCases" name="test_empty_pin" time="0.030" /><testcase classname="backend.tests.test_driver_pin_auth_iter58.TestDriverPINEdgeCases" name="test_invalid_phone_format" time="0.034" /><testcase classname="backend.tests.test_driver_pin_auth_iter58.TestDriverPINEdgeCases" name="test_special_characters_in_pin" time="0.034" /></testsuite></testsuites>