<?xml version="1.0" encoding="utf-8"?><testsuites name="pytest tests"><testsuite name="pytest" errors="0" failures="1" skipped="0" tests="22" time="6.261" timestamp="2026-01-23T00:11:36.311803+00:00" hostname="agent-env-2a4f401b-e91b-4ec4-9ff5-e9d5da25ceb0"><testcase classname="tests.test_iteration22_comprehensive.TestAuthentication" name="test_health_check" time="0.077" /><testcase classname="tests.test_iteration22_comprehensive.TestAuthentication" name="test_admin_login" time="0.263" /><testcase classname="tests.test_iteration22_comprehensive.TestAuthentication" name="test_owner_login" time="0.262" /><testcase classname="tests.test_iteration22_comprehensive.TestAuthentication" name="test_invalid_login" time="0.044" /><testcase classname="tests.test_iteration22_comprehensive.TestDashboardAPIs" name="test_dashboard_stats" time="0.309" /><testcase classname="tests.test_iteration22_comprehensive.TestDashboardAPIs" name="test_branches_list" time="0.299" /><testcase classname="tests.test_iteration22_comprehensive.TestPOSAPIs" name="test_get_categories" time="0.306" /><testcase classname="tests.test_iteration22_comprehensive.TestPOSAPIs" name="test_get_products" time="0.302" /><testcase classname="tests.test_iteration22_comprehensive.TestPOSAPIs" name="test_get_tables" time="0.301" /><testcase classname="tests.test_iteration22_comprehensive.TestSettingsAPIs" name="test_get_delivery_apps" time="0.301" /><testcase classname="tests.test_iteration22_comprehensive.TestSettingsAPIs" name="test_get_printers" time="0.294" /><testcase classname="tests.test_iteration22_comprehensive.TestSettingsAPIs" name="test_get_users" time="0.295" /><testcase classname="tests.test_iteration22_comprehensive.TestDriversAPIs" name="test_get_drivers" time="0.291" /><testcase classname="tests.test_iteration22_comprehensive.TestEmployeesAPIs" name="test_get_employees" time="0.307" /><testcase classname="tests.test_iteration22_comprehensive.TestCouponsAPIs" name="test_get_coupons" time="0.299" /><testcase classname="tests.test_iteration22_comprehensive.TestCouponsAPIs" name="test_get_promotions" time="0.293" /><testcase classname="tests.test_iteration22_comprehensive.TestCouponsAPIs" name="test_create_coupon" time="0.304"><failure message="assert 422 in [200, 201]&#10; +  where 422 = &lt;Response [422]&gt;.status_code">tests/test_iteration22_comprehensive.py:270: in test_create_coupon
    assert response.status_code in [200, 201]
E   assert 422 in [200, 201]
E    +  where 422 = &lt;Response [422]&gt;.status_code</failure></testcase><testcase classname="tests.test_iteration22_comprehensive.TestReportsAPIs" name="test_get_sales_report" time="0.339" /><testcase classname="tests.test_iteration22_comprehensive.TestReportsAPIs" name="test_get_orders" time="0.313" /><testcase classname="tests.test_iteration22_comprehensive.TestOrdersAPIs" name="test_get_orders_list" time="0.300" /><testcase classname="tests.test_iteration22_comprehensive.TestInventoryAPIs" name="test_get_inventory" time="0.300" /><testcase classname="tests.test_iteration22_comprehensive.TestExpensesAPIs" name="test_get_expenses" time="0.294" /></testsuite></testsuites>