<?xml version="1.0" encoding="utf-8"?><testsuites name="pytest tests"><testsuite name="pytest" errors="0" failures="3" skipped="0" tests="10" time="1.324" timestamp="2026-02-09T21:02:20.974100+00:00" hostname="agent-env-82147e9a-d89e-40f2-b4da-9e6790a99e55"><testcase classname="backend.tests.test_driver_pin_auth_iter58.TestDriverPINAuthentication" name="test_01_driver_login_with_correct_pin" time="0.069" /><testcase classname="backend.tests.test_driver_pin_auth_iter58.TestDriverPINAuthentication" name="test_02_driver_login_with_wrong_pin" time="0.037" /><testcase classname="backend.tests.test_driver_pin_auth_iter58.TestDriverPINAuthentication" name="test_03_driver_login_without_pin" time="0.030" /><testcase classname="backend.tests.test_driver_pin_auth_iter58.TestDriverPINAuthentication" name="test_04_create_driver_with_pin" time="0.322"><failure message="AssertionError: Should be able to login with new PIN&#10;assert 401 == 200&#10; +  where 401 = &lt;Response [401]&gt;.status_code">backend/tests/test_driver_pin_auth_iter58.py:172: in test_04_create_driver_with_pin
    assert login_response.status_code == 200, "Should be able to login with new PIN"
E   AssertionError: Should be able to login with new PIN
E   assert 401 == 200
E    +  where 401 = &lt;Response [401]&gt;.status_code</failure></testcase><testcase classname="backend.tests.test_driver_pin_auth_iter58.TestDriverPINAuthentication" name="test_05_update_driver_pin" time="0.295"><failure message="AssertionError: Should login with original PIN&#10;assert 401 == 200&#10; +  where 401 = &lt;Response [401]&gt;.status_code">backend/tests/test_driver_pin_auth_iter58.py:231: in test_05_update_driver_pin
    assert login1.status_code == 200, "Should login with original PIN"
E   AssertionError: Should login with original PIN
E   assert 401 == 200
E    +  where 401 = &lt;Response [401]&gt;.status_code</failure></testcase><testcase classname="backend.tests.test_driver_pin_auth_iter58.TestDriverPINAuthentication" name="test_06_driver_location_update_after_login" time="0.081" /><testcase classname="backend.tests.test_driver_pin_auth_iter58.TestDriverPINAuthentication" name="test_07_driver_login_inactive_driver" time="0.294"><failure message="AssertionError: Inactive driver should get 403&#10;assert 401 == 403&#10; +  where 401 = &lt;Response [401]&gt;.status_code">backend/tests/test_driver_pin_auth_iter58.py:358: in test_07_driver_login_inactive_driver
    assert login_response.status_code == 403, "Inactive driver should get 403"
E   AssertionError: Inactive driver should get 403
E   assert 401 == 403
E    +  where 401 = &lt;Response [401]&gt;.status_code</failure></testcase><testcase classname="backend.tests.test_driver_pin_auth_iter58.TestDriverPINEdgeCases" name="test_empty_pin" time="0.034" /><testcase classname="backend.tests.test_driver_pin_auth_iter58.TestDriverPINEdgeCases" name="test_invalid_phone_format" time="0.038" /><testcase classname="backend.tests.test_driver_pin_auth_iter58.TestDriverPINEdgeCases" name="test_special_characters_in_pin" time="0.035" /></testsuite></testsuites>