<?xml version="1.0" encoding="utf-8"?><testsuites name="pytest tests"><testsuite name="pytest" errors="0" failures="0" skipped="0" tests="8" time="0.880" timestamp="2026-02-09T19:12:41.416480+00:00" hostname="agent-env-f41d14e4-471e-4de4-9fd5-93681769b936"><testcase classname="backend.tests.test_favorites_iter54.TestFavoritesAPI" name="test_add_favorite" time="0.119" /><testcase classname="backend.tests.test_favorites_iter54.TestFavoritesAPI" name="test_get_favorites" time="0.114" /><testcase classname="backend.tests.test_favorites_iter54.TestFavoritesAPI" name="test_delete_favorite" time="0.157" /><testcase classname="backend.tests.test_favorites_iter54.TestFavoritesAPI" name="test_add_favorite_without_phone" time="0.041" /><testcase classname="backend.tests.test_favorites_iter54.TestFavoritesAPI" name="test_delete_nonexistent_favorite" time="0.039" /><testcase classname="backend.tests.test_favorites_iter54.TestAdminLogin" name="test_admin_login" time="0.260" /><testcase classname="backend.tests.test_favorites_iter54.TestAdminLogin" name="test_manifest_start_url" time="0.042" /><testcase classname="backend.tests.test_favorites_iter54.TestCustomerMenu" name="test_get_menu" time="0.043" /></testsuite></testsuites>