<?xml version="1.0" encoding="utf-8"?><testsuites name="pytest tests"><testsuite name="pytest" errors="0" failures="0" skipped="0" tests="20" time="5.706" timestamp="2026-03-03T20:50:11.889138+00:00" hostname="agent-env-9374bffc-888e-49d7-8e1c-21ac8c97ad79"><testcase classname="backend.tests.test_inventory_hr_offline_iter107.TestAuth" name="test_login_success" time="0.442" /><testcase classname="backend.tests.test_inventory_hr_offline_iter107.TestInventoryAPI" name="test_get_inventory" time="0.560" /><testcase classname="backend.tests.test_inventory_hr_offline_iter107.TestInventoryAPI" name="test_get_inventory_by_type" time="0.166" /><testcase classname="backend.tests.test_inventory_hr_offline_iter107.TestInventoryAPI" name="test_get_raw_materials" time="0.149" /><testcase classname="backend.tests.test_inventory_hr_offline_iter107.TestInventoryAPI" name="test_get_finished_products" time="0.123" /><testcase classname="backend.tests.test_inventory_hr_offline_iter107.TestInventoryAPI" name="test_inventory_transaction" time="0.133" /><testcase classname="backend.tests.test_inventory_hr_offline_iter107.TestHRAPI" name="test_get_employees" time="0.518" /><testcase classname="backend.tests.test_inventory_hr_offline_iter107.TestHRAPI" name="test_get_attendance" time="0.166" /><testcase classname="backend.tests.test_inventory_hr_offline_iter107.TestHRAPI" name="test_get_advances" time="0.157" /><testcase classname="backend.tests.test_inventory_hr_offline_iter107.TestHRAPI" name="test_get_deductions" time="0.151" /><testcase classname="backend.tests.test_inventory_hr_offline_iter107.TestHRAPI" name="test_get_bonuses" time="0.117" /><testcase classname="backend.tests.test_inventory_hr_offline_iter107.TestHRAPI" name="test_get_payroll" time="0.115" /><testcase classname="backend.tests.test_inventory_hr_offline_iter107.TestSyncAPIs" name="test_sync_status" time="0.438" /><testcase classname="backend.tests.test_inventory_hr_offline_iter107.TestSyncAPIs" name="test_sync_inventory_transaction" time="0.120" /><testcase classname="backend.tests.test_inventory_hr_offline_iter107.TestSyncAPIs" name="test_sync_attendance" time="0.275" /><testcase classname="backend.tests.test_inventory_hr_offline_iter107.TestBranchesAPI" name="test_get_branches" time="0.488" /><testcase classname="backend.tests.test_inventory_hr_offline_iter107.TestPOSAPI" name="test_get_categories" time="0.451" /><testcase classname="backend.tests.test_inventory_hr_offline_iter107.TestPOSAPI" name="test_get_products" time="0.129" /><testcase classname="backend.tests.test_inventory_hr_offline_iter107.TestOrdersAPI" name="test_get_orders" time="0.487" /><testcase classname="backend.tests.test_inventory_hr_offline_iter107.TestTablesAPI" name="test_get_tables" time="0.446" /></testsuite></testsuites>