<?xml version="1.0" encoding="utf-8"?><testsuites name="pytest tests"><testsuite name="pytest" errors="0" failures="0" skipped="0" tests="13" time="5.978" timestamp="2026-01-26T21:34:02.402893+00:00" hostname="agent-env-e1a6403d-255f-4b53-b4c2-6e93c8b14c7d"><testcase classname="backend.tests.test_notifications_iter36.TestNotificationSystem" name="test_get_notifications" time="0.303" /><testcase classname="backend.tests.test_notifications_iter36.TestNotificationSystem" name="test_get_notifications_unread_only" time="0.266" /><testcase classname="backend.tests.test_notifications_iter36.TestNotificationSystem" name="test_notification_settings_get" time="0.277" /><testcase classname="backend.tests.test_notifications_iter36.TestNotificationSystem" name="test_notification_settings_update" time="0.341" /><testcase classname="backend.tests.test_notifications_iter36.TestNotificationSystem" name="test_expiring_subscriptions" time="0.272" /><testcase classname="backend.tests.test_notifications_iter36.TestNotificationSystem" name="test_mark_notification_as_read" time="0.288" /><testcase classname="backend.tests.test_notifications_iter36.TestNotificationSystem" name="test_mark_all_notifications_read" time="0.363" /><testcase classname="backend.tests.test_notifications_iter36.TestNotificationSystem" name="test_notification_on_new_tenant" time="0.631" /><testcase classname="backend.tests.test_notifications_iter36.TestNotificationSystem" name="test_notification_on_tenant_deactivate" time="0.595" /><testcase classname="backend.tests.test_notifications_iter36.TestNotificationSystem" name="test_notification_on_tenant_activate" time="0.595" /><testcase classname="backend.tests.test_notifications_iter36.TestNotificationSystem" name="test_subscription_duration_in_tenant_creation" time="1.405" /><testcase classname="backend.tests.test_notifications_iter36.TestNotificationDelete" name="test_delete_single_notification" time="0.324" /><testcase classname="backend.tests.test_notifications_iter36.TestNotificationDelete" name="test_delete_nonexistent_notification" time="0.264" /></testsuite></testsuites>