<?xml version="1.0" encoding="utf-8"?><testsuites name="pytest tests"><testsuite name="pytest" errors="11" failures="1" skipped="0" tests="18" time="10.354" timestamp="2026-02-09T20:10:04.531725+00:00" hostname="agent-env-f41d14e4-471e-4de4-9fd5-93681769b936"><testcase classname="backend.tests.test_drivers_geocode_ratings_iter56.TestAuthentication" name="test_login_success" time="0.293"><error message="failed on setup with &quot;AssertionError: No access_token in response&#10;assert 'access_token' in {'token': 'eyJhbGciOiJIUzI1NiIsInR5cCI6IkpXVCJ9.eyJ1c2VyX2lkIjoiNGY3YmQ0ZjctN2M0Ny00YjE0LWIxYmItMjlmM2QwZmFmNmJiIiwicm9sZSI6ImFkbWluIiwiYnJhbmNoX2lkIjpudWxsLCJleHAiOjE3NzA3NTQyMDR9.PHq2MpdjfGJ6eYR7u9HNBpHQ37ubIznBxFkmN0KiyWw', 'user': {'branch_id': None, 'created_at': '2026-01-26T18:10:49.384964+00:00', 'email': 'demo@maestroegp.com', 'id': '4f7bd4f7-7c47-4b14-b1bb-29f3d0faf6bb', ...}}&quot;">backend/tests/test_drivers_geocode_ratings_iter56.py:37: in auth_token
    assert "access_token" in data, "No access_token in response"
E   AssertionError: No access_token in response
E   assert 'access_token' in {'token': 'eyJhbGciOiJIUzI1NiIsInR5cCI6IkpXVCJ9.eyJ1c2VyX2lkIjoiNGY3YmQ0ZjctN2M0Ny00YjE0LWIxYmItMjlmM2QwZmFmNmJiIiwicm9sZSI6ImFkbWluIiwiYnJhbmNoX2lkIjpudWxsLCJleHAiOjE3NzA3NTQyMDR9.PHq2MpdjfGJ6eYR7u9HNBpHQ37ubIznBxFkmN0KiyWw', 'user': {'branch_id': None, 'created_at': '2026-01-26T18:10:49.384964+00:00', 'email': 'demo@maestroegp.com', 'id': '4f7bd4f7-7c47-4b14-b1bb-29f3d0faf6bb', ...}}</error></testcase><testcase classname="backend.tests.test_drivers_geocode_ratings_iter56.TestDriversAPI" name="test_get_drivers_list" time="0.268"><error message="failed on setup with &quot;KeyError: 'access_token'&quot;">backend/tests/test_drivers_geocode_ratings_iter56.py:58: in auth_token
    return response.json()["access_token"]
           ^^^^^^^^^^^^^^^^^^^^^^^^^^^^^^^
E   KeyError: 'access_token'</error></testcase><testcase classname="backend.tests.test_drivers_geocode_ratings_iter56.TestDriversAPI" name="test_create_driver" time="0.000"><error message="failed on setup with &quot;KeyError: 'access_token'&quot;">backend/tests/test_drivers_geocode_ratings_iter56.py:58: in auth_token
    return response.json()["access_token"]
           ^^^^^^^^^^^^^^^^^^^^^^^^^^^^^^^
E   KeyError: 'access_token'</error></testcase><testcase classname="backend.tests.test_drivers_geocode_ratings_iter56.TestDriversAPI" name="test_update_driver" time="0.000"><error message="failed on setup with &quot;KeyError: 'access_token'&quot;">backend/tests/test_drivers_geocode_ratings_iter56.py:58: in auth_token
    return response.json()["access_token"]
           ^^^^^^^^^^^^^^^^^^^^^^^^^^^^^^^
E   KeyError: 'access_token'</error></testcase><testcase classname="backend.tests.test_drivers_geocode_ratings_iter56.TestDriversAPI" name="test_delete_driver" time="0.000"><error message="failed on setup with &quot;KeyError: 'access_token'&quot;">backend/tests/test_drivers_geocode_ratings_iter56.py:58: in auth_token
    return response.json()["access_token"]
           ^^^^^^^^^^^^^^^^^^^^^^^^^^^^^^^
E   KeyError: 'access_token'</error></testcase><testcase classname="backend.tests.test_drivers_geocode_ratings_iter56.TestDriversAPI" name="test_get_drivers_unauthorized" time="0.042"><failure message="AssertionError: Expected 401, got 403&#10;assert 403 == 401&#10; +  where 403 = &lt;Response [403]&gt;.status_code">backend/tests/test_drivers_geocode_ratings_iter56.py:135: in test_get_drivers_unauthorized
    assert response.status_code == 401, f"Expected 401, got {response.status_code}"
E   AssertionError: Expected 401, got 403
E   assert 403 == 401
E    +  where 403 = &lt;Response [403]&gt;.status_code</failure></testcase><testcase classname="backend.tests.test_drivers_geocode_ratings_iter56.TestGeocodeAPI" name="test_reverse_geocode" time="0.601" /><testcase classname="backend.tests.test_drivers_geocode_ratings_iter56.TestGeocodeAPI" name="test_reverse_geocode_cairo" time="4.412" /><testcase classname="backend.tests.test_drivers_geocode_ratings_iter56.TestGeocodeAPI" name="test_search_address" time="0.566" /><testcase classname="backend.tests.test_drivers_geocode_ratings_iter56.TestGeocodeAPI" name="test_search_address_cairo" time="0.993" /><testcase classname="backend.tests.test_drivers_geocode_ratings_iter56.TestGeocodeAPI" name="test_search_address_with_location_bias" time="1.944" /><testcase classname="backend.tests.test_drivers_geocode_ratings_iter56.TestRatingsAPI" name="test_get_ratings_tenant_summary" time="0.258"><error message="failed on setup with &quot;KeyError: 'access_token'&quot;">backend/tests/test_drivers_geocode_ratings_iter56.py:215: in auth_token
    return response.json()["access_token"]
           ^^^^^^^^^^^^^^^^^^^^^^^^^^^^^^^
E   KeyError: 'access_token'</error></testcase><testcase classname="backend.tests.test_drivers_geocode_ratings_iter56.TestRatingsAPI" name="test_get_branches" time="0.000"><error message="failed on setup with &quot;KeyError: 'access_token'&quot;">backend/tests/test_drivers_geocode_ratings_iter56.py:215: in auth_token
    return response.json()["access_token"]
           ^^^^^^^^^^^^^^^^^^^^^^^^^^^^^^^
E   KeyError: 'access_token'</error></testcase><testcase classname="backend.tests.test_drivers_geocode_ratings_iter56.TestRatingsAPI" name="test_get_branch_ratings" time="0.000"><error message="failed on setup with &quot;KeyError: 'access_token'&quot;">backend/tests/test_drivers_geocode_ratings_iter56.py:215: in auth_token
    return response.json()["access_token"]
           ^^^^^^^^^^^^^^^^^^^^^^^^^^^^^^^
E   KeyError: 'access_token'</error></testcase><testcase classname="backend.tests.test_drivers_geocode_ratings_iter56.TestDriverAssignment" name="test_assign_driver_to_order_invalid_order" time="0.261"><error message="failed on setup with &quot;KeyError: 'access_token'&quot;">backend/tests/test_drivers_geocode_ratings_iter56.py:275: in auth_token
    return response.json()["access_token"]
           ^^^^^^^^^^^^^^^^^^^^^^^^^^^^^^^
E   KeyError: 'access_token'</error></testcase><testcase classname="backend.tests.test_drivers_geocode_ratings_iter56.TestDriverAssignment" name="test_get_customer_order_driver_invalid" time="0.040" /><testcase classname="backend.tests.test_drivers_geocode_ratings_iter56.TestDriverLocationUpdate" name="test_update_driver_location" time="0.259"><error message="failed on setup with &quot;KeyError: 'access_token'&quot;">backend/tests/test_drivers_geocode_ratings_iter56.py:318: in auth_token
    return response.json()["access_token"]
           ^^^^^^^^^^^^^^^^^^^^^^^^^^^^^^^
E   KeyError: 'access_token'</error></testcase><testcase classname="backend.tests.test_drivers_geocode_ratings_iter56.TestCleanup" name="test_cleanup_test_drivers" time="0.260"><error message="failed on setup with &quot;KeyError: 'access_token'&quot;">backend/tests/test_drivers_geocode_ratings_iter56.py:366: in auth_token
    return response.json()["access_token"]
           ^^^^^^^^^^^^^^^^^^^^^^^^^^^^^^^
E   KeyError: 'access_token'</error></testcase></testsuite></testsuites>