<?xml version="1.0" encoding="utf-8"?><testsuites name="pytest tests"><testsuite name="pytest" errors="0" failures="0" skipped="0" tests="12" time="1.434" timestamp="2026-02-09T22:11:15.532973+00:00" hostname="agent-env-82147e9a-d89e-40f2-b4da-9e6790a99e55"><testcase classname="backend.tests.test_system_settings_iter61.TestSystemSettings" name="test_01_get_system_currencies" time="0.066" /><testcase classname="backend.tests.test_system_settings_iter61.TestSystemSettings" name="test_02_get_system_languages" time="0.034" /><testcase classname="backend.tests.test_system_settings_iter61.TestSystemSettings" name="test_03_get_system_countries" time="0.038" /><testcase classname="backend.tests.test_system_settings_iter61.TestRegionalSettings" name="test_04_get_regional_settings" time="0.329" /><testcase classname="backend.tests.test_system_settings_iter61.TestRegionalSettings" name="test_05_update_regional_settings" time="0.359" /><testcase classname="backend.tests.test_system_settings_iter61.TestDriverLogin" name="test_06_driver_login_success" time="0.039" /><testcase classname="backend.tests.test_system_settings_iter61.TestDriverLogin" name="test_07_driver_login_wrong_pin" time="0.031" /><testcase classname="backend.tests.test_system_settings_iter61.TestDriverLogin" name="test_08_driver_login_unknown_phone" time="0.032" /><testcase classname="backend.tests.test_system_settings_iter61.TestDriverLogin" name="test_09_driver_login_missing_pin" time="0.032" /><testcase classname="backend.tests.test_system_settings_iter61.TestAddDriverForm" name="test_10_create_driver_with_name_phone_pin" time="0.410" /><testcase classname="backend.tests.test_system_settings_iter61.TestDarkMapTiles" name="test_11_carto_dark_tiles_in_driver_app" time="0.000" /><testcase classname="backend.tests.test_system_settings_iter61.TestDarkMapTiles" name="test_12_carto_dark_tiles_in_customer_menu" time="0.000" /></testsuite></testsuites>