<?xml version="1.0" encoding="utf-8"?><testsuites name="pytest tests"><testsuite name="pytest" errors="0" failures="0" skipped="0" tests="7" time="3.424" timestamp="2026-02-19T20:33:47.893057+00:00" hostname="agent-env-2d1fbbe9-d5f1-457e-86ee-e4e310004892"><testcase classname="backend.tests.test_external_branches.TestExternalBranchesAPIs" name="test_01_dashboard_stats" time="0.551" /><testcase classname="backend.tests.test_external_branches.TestExternalBranchesAPIs" name="test_02_get_sold_branches_list" time="0.424" /><testcase classname="backend.tests.test_external_branches.TestExternalBranchesAPIs" name="test_03_monthly_report" time="0.485" /><testcase classname="backend.tests.test_external_branches.TestExternalBranchesAPIs" name="test_04_monthly_report_with_month_param" time="0.473" /><testcase classname="backend.tests.test_external_branches.TestExternalBranchesAPIs" name="test_05_register_branch_validation" time="0.453" /><testcase classname="backend.tests.test_external_branches.TestExternalBranchesAPIs" name="test_06_register_branch_nonexistent" time="0.483" /><testcase classname="backend.tests.test_external_branches.TestOwnerWalletAPI" name="test_owner_wallet_summary" time="0.500" /></testsuite></testsuites>