<?xml version="1.0" encoding="utf-8"?><testsuites name="pytest tests"><testsuite name="pytest" errors="0" failures="0" skipped="0" tests="8" time="4.227" timestamp="2026-03-03T21:12:46.808205+00:00" hostname="agent-env-9374bffc-888e-49d7-8e1c-21ac8c97ad79"><testcase classname="backend.tests.test_impersonation_logs_iter108.TestImpersonationLogsAPI" name="test_get_impersonation_logs_success" time="0.612" /><testcase classname="backend.tests.test_impersonation_logs_iter108.TestImpersonationLogsAPI" name="test_get_impersonation_logs_pagination" time="0.502" /><testcase classname="backend.tests.test_impersonation_logs_iter108.TestImpersonationLogsAPI" name="test_get_impersonation_logs_structure" time="0.558" /><testcase classname="backend.tests.test_impersonation_logs_iter108.TestImpersonationLogsAPI" name="test_get_impersonation_logs_unauthorized" time="0.477" /><testcase classname="backend.tests.test_impersonation_logs_iter108.TestSettingsPage" name="test_settings_dashboard_endpoint" time="0.587" /><testcase classname="backend.tests.test_impersonation_logs_iter108.TestSettingsPage" name="test_users_endpoint" time="0.458" /><testcase classname="backend.tests.test_impersonation_logs_iter108.TestSettingsPage" name="test_branches_endpoint" time="0.447" /><testcase classname="backend.tests.test_impersonation_logs_iter108.TestOfflineSyncStatus" name="test_sync_status_endpoint" time="0.510" /></testsuite></testsuites>