<?xml version="1.0" encoding="utf-8"?><testsuites name="pytest tests"><testsuite name="pytest" errors="0" failures="0" skipped="0" tests="21" time="3.627" timestamp="2026-01-12T18:43:07.899175+00:00" hostname="agent-env-926750df-fe48-4108-b02b-7cd5694bcec7"><testcase classname="tests.test_maestro_api.TestAuth" name="test_admin_login" time="0.304" /><testcase classname="tests.test_maestro_api.TestAuth" name="test_invalid_login" time="0.042" /><testcase classname="tests.test_maestro_api.TestUserManagement" name="test_get_users" time="0.305" /><testcase classname="tests.test_maestro_api.TestUserManagement" name="test_create_and_update_user" time="0.359" /><testcase classname="tests.test_maestro_api.TestCategoriesManagement" name="test_get_categories" time="0.342" /><testcase classname="tests.test_maestro_api.TestCategoriesManagement" name="test_create_update_delete_category" time="0.169" /><testcase classname="tests.test_maestro_api.TestProductsManagement" name="test_get_products" time="0.300" /><testcase classname="tests.test_maestro_api.TestProductsManagement" name="test_create_product_with_costs" time="0.234" /><testcase classname="tests.test_maestro_api.TestReportsEndpoints" name="test_sales_report" time="0.306" /><testcase classname="tests.test_maestro_api.TestReportsEndpoints" name="test_purchases_report" time="0.037" /><testcase classname="tests.test_maestro_api.TestReportsEndpoints" name="test_inventory_report" time="0.041" /><testcase classname="tests.test_maestro_api.TestReportsEndpoints" name="test_expenses_report" time="0.039" /><testcase classname="tests.test_maestro_api.TestReportsEndpoints" name="test_profit_loss_report" time="0.039" /><testcase classname="tests.test_maestro_api.TestReportsEndpoints" name="test_products_report" time="0.039" /><testcase classname="tests.test_maestro_api.TestReportsEndpoints" name="test_delivery_credits_report" time="0.039" /><testcase classname="tests.test_maestro_api.TestBranchesAndSettings" name="test_get_branches" time="0.308" /><testcase classname="tests.test_maestro_api.TestBranchesAndSettings" name="test_get_delivery_apps" time="0.041" /><testcase classname="tests.test_maestro_api.TestBranchesAndSettings" name="test_get_printers" time="0.035" /><testcase classname="tests.test_maestro_api.TestBranchesAndSettings" name="test_get_settings" time="0.037" /><testcase classname="tests.test_maestro_api.TestExpensesManagement" name="test_get_expense_categories" time="0.295" /><testcase classname="tests.test_maestro_api.TestExpensesManagement" name="test_create_expense" time="0.098" /></testsuite></testsuites>