<?xml version="1.0" encoding="utf-8"?><testsuites name="pytest tests"><testsuite name="pytest" errors="0" failures="0" skipped="0" tests="5" time="2.529" timestamp="2026-02-19T18:06:50.507306+00:00" hostname="agent-env-a809bb95-d0c6-4e78-8c6c-8ef3df3df5e3"><testcase classname="backend.tests.test_cash_register_summary.TestCashRegisterSummary" name="test_cash_register_summary_returns_expected_cash" time="0.556" /><testcase classname="backend.tests.test_cash_register_summary.TestCashRegisterSummary" name="test_cash_register_summary_includes_all_required_fields" time="0.489" /><testcase classname="backend.tests.test_cash_register_summary.TestCashRegisterSummary" name="test_current_shift_exists" time="0.479" /><testcase classname="backend.tests.test_cash_register_summary.TestCashRegisterClose" name="test_cash_register_close_requires_auth" time="0.472" /><testcase classname="backend.tests.test_cash_register_summary.TestCashRegisterClose" name="test_cash_register_summary_requires_auth" time="0.475" /></testsuite></testsuites>