<?xml version="1.0" encoding="utf-8"?><testsuites name="pytest tests"><testsuite name="pytest" errors="0" failures="0" skipped="0" tests="20" time="6.172" timestamp="2026-01-16T16:50:03.056574+00:00" hostname="agent-env-e5959777-f215-4167-a5dc-509788ba4516"><testcase classname="tests.test_iteration11_reservations_reviews_reports.TestAuthAndSetup" name="test_admin_login" time="0.298" /><testcase classname="tests.test_iteration11_reservations_reviews_reports.TestAuthAndSetup" name="test_tenant_login" time="0.268" /><testcase classname="tests.test_iteration11_reservations_reviews_reports.TestReservationsAPI" name="test_get_reservations_list" time="0.294" /><testcase classname="tests.test_iteration11_reservations_reviews_reports.TestReservationsAPI" name="test_create_reservation" time="0.339" /><testcase classname="tests.test_iteration11_reservations_reviews_reports.TestReservationsAPI" name="test_get_reservations_with_filters" time="0.285" /><testcase classname="tests.test_iteration11_reservations_reviews_reports.TestReservationsAPI" name="test_reservations_stats" time="0.286" /><testcase classname="tests.test_iteration11_reservations_reviews_reports.TestReviewsAPI" name="test_get_reviews_list" time="0.297" /><testcase classname="tests.test_iteration11_reservations_reviews_reports.TestReviewsAPI" name="test_create_review" time="0.338" /><testcase classname="tests.test_iteration11_reservations_reviews_reports.TestReviewsAPI" name="test_get_reviews_stats" time="0.292" /><testcase classname="tests.test_iteration11_reservations_reviews_reports.TestReviewsAPI" name="test_get_reviews_with_rating_filter" time="0.290" /><testcase classname="tests.test_iteration11_reservations_reviews_reports.TestSmartReportsAPI" name="test_get_sales_report_today" time="0.290" /><testcase classname="tests.test_iteration11_reservations_reviews_reports.TestSmartReportsAPI" name="test_get_sales_report_week" time="0.291" /><testcase classname="tests.test_iteration11_reservations_reviews_reports.TestSmartReportsAPI" name="test_get_sales_report_month" time="0.291" /><testcase classname="tests.test_iteration11_reservations_reviews_reports.TestSmartReportsAPI" name="test_get_products_report" time="0.286" /><testcase classname="tests.test_iteration11_reservations_reviews_reports.TestTenantSettingsPermissions" name="test_get_dashboard_settings" time="0.288" /><testcase classname="tests.test_iteration11_reservations_reviews_reports.TestTenantSettingsPermissions" name="test_tenant_info_with_logo" time="0.321" /><testcase classname="tests.test_iteration11_reservations_reviews_reports.TestLogoAccess" name="test_logo_endpoint_exists" time="0.345" /><testcase classname="tests.test_iteration11_reservations_reviews_reports.TestReservationsPageAPIs" name="test_tables_api_for_reservations" time="0.293" /><testcase classname="tests.test_iteration11_reservations_reviews_reports.TestReviewsPageAPIs" name="test_respond_to_review" time="0.363" /><testcase classname="tests.test_iteration11_reservations_reviews_reports.TestSmartReportsPageAPIs" name="test_hourly_report" time="0.289" /></testsuite></testsuites>