<?xml version="1.0" encoding="utf-8"?><testsuites name="pytest tests"><testsuite name="pytest" errors="0" failures="0" skipped="0" tests="6" time="3.929" timestamp="2026-02-24T22:20:52.143201+00:00" hostname="agent-env-b94b57f4-5c40-4b47-8bc1-12e4cc086f1e"><testcase classname="tests.test_features_iter101.TestSuperAdminFeatures" name="test_super_admin_login" time="0.366" /><testcase classname="tests.test_features_iter101.TestSuperAdminFeatures" name="test_get_tenants" time="0.481" /><testcase classname="tests.test_features_iter101.TestSuperAdminFeatures" name="test_get_tenant_features" time="0.673" /><testcase classname="tests.test_features_iter101.TestSuperAdminFeatures" name="test_update_tenant_features" time="1.335" /><testcase classname="tests.test_features_iter101.TestBreakEvenReportAPI" name="test_demo_user_login" time="0.384" /><testcase classname="tests.test_features_iter101.TestBreakEvenReportAPI" name="test_break_even_report_endpoint" time="0.508" /></testsuite></testsuites>