<?xml version="1.0" encoding="utf-8"?><testsuites name="pytest tests"><testsuite name="pytest" errors="0" failures="1" skipped="0" tests="21" time="7.540" timestamp="2026-01-14T16:49:05.767438+00:00" hostname="agent-env-4737e2a9-80b1-434e-9514-fc2a5bacdfe3"><testcase classname="tests.test_iteration7_hr_warehouse.TestTenantAdminAuth" name="test_tenant_admin_login_success" time="0.307" /><testcase classname="tests.test_iteration7_hr_warehouse.TestUserCreationWithTenantId" name="test_create_user_by_tenant_admin" time="0.584"><failure message="AssertionError: Expected 201, got 200&#10;assert False">tests/test_iteration7_hr_warehouse.py:130: in test_create_user_by_tenant_admin
    assert False, f"Expected 201, got {response.status_code}"
E   AssertionError: Expected 201, got 200
E   assert False</failure></testcase><testcase classname="tests.test_iteration7_hr_warehouse.TestUserCreationWithTenantId" name="test_get_users_list" time="0.312" /><testcase classname="tests.test_iteration7_hr_warehouse.TestEmployeesAPI" name="test_get_employees_list" time="0.306" /><testcase classname="tests.test_iteration7_hr_warehouse.TestEmployeesAPI" name="test_create_employee" time="0.397" /><testcase classname="tests.test_iteration7_hr_warehouse.TestEmployeesAPI" name="test_get_employee_by_id" time="0.387" /><testcase classname="tests.test_iteration7_hr_warehouse.TestAttendanceAPI" name="test_get_attendance_list" time="0.340" /><testcase classname="tests.test_iteration7_hr_warehouse.TestAttendanceAPI" name="test_create_attendance" time="0.381" /><testcase classname="tests.test_iteration7_hr_warehouse.TestAdvancesAPI" name="test_get_advances_list" time="0.297" /><testcase classname="tests.test_iteration7_hr_warehouse.TestAdvancesAPI" name="test_create_advance" time="0.382" /><testcase classname="tests.test_iteration7_hr_warehouse.TestDeductionsAPI" name="test_get_deductions_list" time="0.370" /><testcase classname="tests.test_iteration7_hr_warehouse.TestDeductionsAPI" name="test_create_deduction" time="0.349" /><testcase classname="tests.test_iteration7_hr_warehouse.TestBonusesAPI" name="test_get_bonuses_list" time="0.290" /><testcase classname="tests.test_iteration7_hr_warehouse.TestBonusesAPI" name="test_create_bonus" time="0.361" /><testcase classname="tests.test_iteration7_hr_warehouse.TestPayrollAPI" name="test_get_payroll_list" time="0.299" /><testcase classname="tests.test_iteration7_hr_warehouse.TestPayrollAPI" name="test_calculate_payroll" time="0.338" /><testcase classname="tests.test_iteration7_hr_warehouse.TestInventoryTransfersAPI" name="test_get_inventory_transfers_list" time="0.330" /><testcase classname="tests.test_iteration7_hr_warehouse.TestInventoryTransfersAPI" name="test_create_inventory_transfer" time="0.397" /><testcase classname="tests.test_iteration7_hr_warehouse.TestPurchaseRequestsAPI" name="test_get_purchase_requests_list" time="0.334" /><testcase classname="tests.test_iteration7_hr_warehouse.TestPurchaseRequestsAPI" name="test_create_purchase_request" time="0.336" /><testcase classname="tests.test_iteration7_hr_warehouse.TestMainAdminAuth" name="test_main_admin_login_success" time="0.256" /></testsuite></testsuites>