<?xml version="1.0" encoding="utf-8"?><testsuites name="pytest tests"><testsuite name="pytest" errors="0" failures="5" skipped="0" tests="17" time="7.533" timestamp="2026-01-19T01:08:17.101085+00:00" hostname="agent-env-a7517923-6366-4a63-a8d6-2ee265aac93e"><testcase classname="tests.test_iteration19_branch_orders_recipe_deduction.TestBranchOrdersRecipeDeduction" name="test_01_health_check" time="0.376" /><testcase classname="tests.test_iteration19_branch_orders_recipe_deduction.TestBranchOrdersRecipeDeduction" name="test_02_branch_orders_requires_auth" time="0.314" /><testcase classname="tests.test_iteration19_branch_orders_recipe_deduction.TestBranchOrdersRecipeDeduction" name="test_03_get_raw_materials" time="0.319" /><testcase classname="tests.test_iteration19_branch_orders_recipe_deduction.TestBranchOrdersRecipeDeduction" name="test_04_get_finished_products" time="0.278" /><testcase classname="tests.test_iteration19_branch_orders_recipe_deduction.TestBranchOrdersRecipeDeduction" name="test_05_finished_products_show_recipe_status" time="0.543"><failure message="AssertionError: Product should have recipe&#10;assert (None)&#10; +  where None = &lt;built-in method get of dict object at 0xfa576aa11a80&gt;('recipe')&#10; +    where &lt;built-in method get of dict object at 0xfa576aa11a80&gt; = {'branch_id': 'b840c0b2-1019-42de-a856-6c320098ecb8', 'cost_per_unit': 5000.0, 'id': '96149782-a026-47d9-8e47-279102858536', 'item_type': 'finished', ...}.get">tests/test_iteration19_branch_orders_recipe_deduction.py:193: in test_05_finished_products_show_recipe_status
    assert with_recipe.get("recipe") and len(with_recipe["recipe"]) &gt; 0, "Product should have recipe"
E   AssertionError: Product should have recipe
E   assert (None)
E    +  where None = &lt;built-in method get of dict object at 0xfa576aa11a80&gt;('recipe')
E    +    where &lt;built-in method get of dict object at 0xfa576aa11a80&gt; = {'branch_id': 'b840c0b2-1019-42de-a856-6c320098ecb8', 'cost_per_unit': 5000.0, 'id': '96149782-a026-47d9-8e47-279102858536', 'item_type': 'finished', ...}.get</failure></testcase><testcase classname="tests.test_iteration19_branch_orders_recipe_deduction.TestBranchOrdersRecipeDeduction" name="test_06_create_branch_order_with_recipe_deduction" time="0.464"><failure message="AssertionError: Failed to create order: {&quot;detail&quot;:{&quot;message&quot;:&quot;بعض المنتجات ليس لها وصفة محددة&quot;,&quot;products_without_recipe&quot;:[&quot;TEST_برغر_لحم_اختبار_dbad1b&quot;]}}&#10;assert 400 == 200&#10; +  where 400 = &lt;Response [400]&gt;.status_code">tests/test_iteration19_branch_orders_recipe_deduction.py:240: in test_06_create_branch_order_with_recipe_deduction
    assert response.status_code == 200, f"Failed to create order: {response.text}"
E   AssertionError: Failed to create order: {"detail":{"message":"بعض المنتجات ليس لها وصفة محددة","products_without_recipe":["TEST_برغر_لحم_اختبار_dbad1b"]}}
E   assert 400 == 200
E    +  where 400 = &lt;Response [400]&gt;.status_code</failure></testcase><testcase classname="tests.test_iteration19_branch_orders_recipe_deduction.TestBranchOrdersRecipeDeduction" name="test_07_prevent_order_for_product_without_recipe" time="0.330" /><testcase classname="tests.test_iteration19_branch_orders_recipe_deduction.TestBranchOrdersRecipeDeduction" name="test_08_prevent_order_when_raw_materials_insufficient" time="0.390" /><testcase classname="tests.test_iteration19_branch_orders_recipe_deduction.TestBranchOrdersRecipeDeduction" name="test_09_reject_empty_items_order" time="0.315" /><testcase classname="tests.test_iteration19_branch_orders_recipe_deduction.TestBranchOrdersRecipeDeduction" name="test_10_get_branch_orders" time="0.279" /><testcase classname="tests.test_iteration19_branch_orders_recipe_deduction.TestBranchOrdersRecipeDeduction" name="test_11_get_outgoing_orders" time="0.326" /><testcase classname="tests.test_iteration19_branch_orders_recipe_deduction.TestBranchOrdersRecipeDeduction" name="test_12_get_incoming_orders" time="0.278" /><testcase classname="tests.test_iteration19_branch_orders_recipe_deduction.TestBranchOrdersRecipeDeduction" name="test_13_order_details_show_deducted_materials" time="0.401"><failure message="AssertionError: Failed to create order: {&quot;detail&quot;:{&quot;message&quot;:&quot;بعض المنتجات ليس لها وصفة محددة&quot;,&quot;products_without_recipe&quot;:[&quot;TEST_منتج_للتفاصيل_e276d7&quot;]}}&#10;assert 400 == 200&#10; +  where 400 = &lt;Response [400]&gt;.status_code">tests/test_iteration19_branch_orders_recipe_deduction.py:393: in test_13_order_details_show_deducted_materials
    assert response.status_code == 200, f"Failed to create order: {response.text}"
E   AssertionError: Failed to create order: {"detail":{"message":"بعض المنتجات ليس لها وصفة محددة","products_without_recipe":["TEST_منتج_للتفاصيل_e276d7"]}}
E   assert 400 == 200
E    +  where 400 = &lt;Response [400]&gt;.status_code</failure></testcase><testcase classname="tests.test_iteration19_branch_orders_recipe_deduction.TestBranchOrdersRecipeDeduction" name="test_14_update_order_status" time="0.365"><failure message="assert 400 == 200&#10; +  where 400 = &lt;Response [400]&gt;.status_code">tests/test_iteration19_branch_orders_recipe_deduction.py:438: in test_14_update_order_status
    assert create_response.status_code == 200
E   assert 400 == 200
E    +  where 400 = &lt;Response [400]&gt;.status_code</failure></testcase><testcase classname="tests.test_iteration19_branch_orders_recipe_deduction.TestBranchOrdersRecipeDeduction" name="test_15_order_with_multiple_products" time="0.771"><failure message="AssertionError: Failed to create order: {&quot;detail&quot;:{&quot;message&quot;:&quot;بعض المنتجات ليس لها وصفة محددة&quot;,&quot;products_without_recipe&quot;:[&quot;TEST_برغر_متعدد_8271dc&quot;,&quot;TEST_ساندويتش_جبن_4e8f49&quot;]}}&#10;assert 400 == 200&#10; +  where 400 = &lt;Response [400]&gt;.status_code">tests/test_iteration19_branch_orders_recipe_deduction.py:491: in test_15_order_with_multiple_products
    assert response.status_code == 200, f"Failed to create order: {response.text}"
E   AssertionError: Failed to create order: {"detail":{"message":"بعض المنتجات ليس لها وصفة محددة","products_without_recipe":["TEST_برغر_متعدد_8271dc","TEST_ساندويتش_جبن_4e8f49"]}}
E   assert 400 == 200
E    +  where 400 = &lt;Response [400]&gt;.status_code</failure></testcase><testcase classname="tests.test_iteration19_branch_orders_recipe_deduction.TestBranchOrdersEdgeCases" name="test_order_with_zero_quantity" time="1.329" /><testcase classname="tests.test_iteration19_branch_orders_recipe_deduction.TestBranchOrdersEdgeCases" name="test_order_with_nonexistent_product" time="0.317" /></testsuite></testsuites>