<?xml version="1.0" encoding="utf-8"?><testsuites name="pytest tests"><testsuite name="pytest" errors="0" failures="4" skipped="1" tests="18" time="8.042" timestamp="2026-02-09T20:10:45.201517+00:00" hostname="agent-env-f41d14e4-471e-4de4-9fd5-93681769b936"><testcase classname="backend.tests.test_drivers_geocode_ratings_iter56.TestAuthentication" name="test_login_success" time="0.293" /><testcase classname="backend.tests.test_drivers_geocode_ratings_iter56.TestDriversAPI" name="test_get_drivers_list" time="0.303" /><testcase classname="backend.tests.test_drivers_geocode_ratings_iter56.TestDriversAPI" name="test_create_driver" time="0.039"><failure message="AssertionError: Failed to create driver: {&quot;detail&quot;:[{&quot;type&quot;:&quot;missing&quot;,&quot;loc&quot;:[&quot;body&quot;],&quot;msg&quot;:&quot;Field required&quot;,&quot;input&quot;:null,&quot;url&quot;:&quot;https://errors.pydantic.dev/2.12/v/missing&quot;}]}&#10;assert 422 == 200&#10; +  where 422 = &lt;Response [422]&gt;.status_code">backend/tests/test_drivers_geocode_ratings_iter56.py:84: in test_create_driver
    assert response.status_code == 200, f"Failed to create driver: {response.text}"
E   AssertionError: Failed to create driver: {"detail":[{"type":"missing","loc":["body"],"msg":"Field required","input":null,"url":"https://errors.pydantic.dev/2.12/v/missing"}]}
E   assert 422 == 200
E    +  where 422 = &lt;Response [422]&gt;.status_code</failure></testcase><testcase classname="backend.tests.test_drivers_geocode_ratings_iter56.TestDriversAPI" name="test_update_driver" time="0.040"><failure message="assert 422 == 200&#10; +  where 422 = &lt;Response [422]&gt;.status_code">backend/tests/test_drivers_geocode_ratings_iter56.py:101: in test_update_driver
    assert create_response.status_code == 200
E   assert 422 == 200
E    +  where 422 = &lt;Response [422]&gt;.status_code</failure></testcase><testcase classname="backend.tests.test_drivers_geocode_ratings_iter56.TestDriversAPI" name="test_delete_driver" time="0.048"><failure message="assert 422 == 200&#10; +  where 422 = &lt;Response [422]&gt;.status_code">backend/tests/test_drivers_geocode_ratings_iter56.py:121: in test_delete_driver
    assert create_response.status_code == 200
E   assert 422 == 200
E    +  where 422 = &lt;Response [422]&gt;.status_code</failure></testcase><testcase classname="backend.tests.test_drivers_geocode_ratings_iter56.TestDriversAPI" name="test_get_drivers_unauthorized" time="0.035" /><testcase classname="backend.tests.test_drivers_geocode_ratings_iter56.TestGeocodeAPI" name="test_reverse_geocode" time="1.183" /><testcase classname="backend.tests.test_drivers_geocode_ratings_iter56.TestGeocodeAPI" name="test_reverse_geocode_cairo" time="0.413" /><testcase classname="backend.tests.test_drivers_geocode_ratings_iter56.TestGeocodeAPI" name="test_search_address" time="1.376" /><testcase classname="backend.tests.test_drivers_geocode_ratings_iter56.TestGeocodeAPI" name="test_search_address_cairo" time="2.453" /><testcase classname="backend.tests.test_drivers_geocode_ratings_iter56.TestGeocodeAPI" name="test_search_address_with_location_bias" time="0.410" /><testcase classname="backend.tests.test_drivers_geocode_ratings_iter56.TestRatingsAPI" name="test_get_ratings_tenant_summary" time="0.301" /><testcase classname="backend.tests.test_drivers_geocode_ratings_iter56.TestRatingsAPI" name="test_get_branches" time="0.036" /><testcase classname="backend.tests.test_drivers_geocode_ratings_iter56.TestRatingsAPI" name="test_get_branch_ratings" time="0.072" /><testcase classname="backend.tests.test_drivers_geocode_ratings_iter56.TestDriverAssignment" name="test_assign_driver_to_order_invalid_order" time="0.298"><failure message="AssertionError: Expected 404/400, got 520&#10;assert 520 in [404, 400]&#10; +  where 520 = &lt;Response [520]&gt;.status_code">backend/tests/test_drivers_geocode_ratings_iter56.py:290: in test_assign_driver_to_order_invalid_order
    assert response.status_code in [404, 400], f"Expected 404/400, got {response.status_code}"
E   AssertionError: Expected 404/400, got 520
E   assert 520 in [404, 400]
E    +  where 520 = &lt;Response [520]&gt;.status_code</failure></testcase><testcase classname="backend.tests.test_drivers_geocode_ratings_iter56.TestDriverAssignment" name="test_get_customer_order_driver_invalid" time="0.037" /><testcase classname="backend.tests.test_drivers_geocode_ratings_iter56.TestDriverLocationUpdate" name="test_update_driver_location" time="0.292"><skipped type="pytest.skip" message="Could not create driver for location test">/app/backend/tests/test_drivers_geocode_ratings_iter56.py:334: Could not create driver for location test</skipped></testcase><testcase classname="backend.tests.test_drivers_geocode_ratings_iter56.TestCleanup" name="test_cleanup_test_drivers" time="0.297" /></testsuite></testsuites>