<?xml version="1.0" encoding="utf-8"?><testsuites name="pytest tests"><testsuite name="pytest" errors="0" failures="0" skipped="0" tests="12" time="7.214" timestamp="2026-02-17T16:39:00.949554+00:00" hostname="agent-env-53b69a0b-b553-4131-bf54-4a1156f05b23"><testcase classname="backend.tests.test_break_even_iter84.TestAuthentication" name="test_health_check" time="0.164" /><testcase classname="backend.tests.test_break_even_iter84.TestAuthentication" name="test_admin_login" time="0.355" /><testcase classname="backend.tests.test_break_even_iter84.TestBreakEvenAPIs" name="test_daily_break_even_api" time="0.544" /><testcase classname="backend.tests.test_break_even_iter84.TestBreakEvenAPIs" name="test_daily_break_even_with_branch_filter" time="0.517" /><testcase classname="backend.tests.test_break_even_iter84.TestBreakEvenAPIs" name="test_monthly_break_even_summary" time="0.540" /><testcase classname="backend.tests.test_break_even_iter84.TestBreakEvenAPIs" name="test_break_even_branch_details" time="0.530" /><testcase classname="backend.tests.test_break_even_iter84.TestBranchFixedCosts" name="test_get_branches" time="0.499" /><testcase classname="backend.tests.test_break_even_iter84.TestBranchFixedCosts" name="test_update_branch_with_fixed_costs" time="0.814" /><testcase classname="backend.tests.test_break_even_iter84.TestOrderCreation" name="test_get_products" time="0.555" /><testcase classname="backend.tests.test_break_even_iter84.TestOrderCreation" name="test_create_order_for_print" time="0.990" /><testcase classname="backend.tests.test_break_even_iter84.TestOrderCreation" name="test_create_dine_in_order" time="1.109" /><testcase classname="backend.tests.test_break_even_iter84.TestBreakEvenCalculation" name="test_break_even_calculation_formula" time="0.528" /></testsuite></testsuites>