<?xml version="1.0" encoding="utf-8"?><testsuites name="pytest tests"><testsuite name="pytest" errors="0" failures="0" skipped="0" tests="8" time="2.325" timestamp="2026-02-08T13:49:33.975105+00:00" hostname="agent-env-1229ef21-e5c5-430e-b6ee-8693a64034b1"><testcase classname="backend.tests.test_iteration_46.TestBranchesAPI" name="test_branches_api_hides_default_branches" time="0.341" /><testcase classname="backend.tests.test_iteration_46.TestBranchesAPI" name="test_customer_menu_hides_default_branches" time="0.312" /><testcase classname="backend.tests.test_iteration_46.TestReportsAPI" name="test_sales_report_endpoint" time="0.340" /><testcase classname="backend.tests.test_iteration_46.TestTablesAPI" name="test_get_tables" time="0.299" /><testcase classname="backend.tests.test_iteration_46.TestTablesAPI" name="test_add_table_to_branch" time="0.379" /><testcase classname="backend.tests.test_iteration_46.TestCustomerMenuFlow" name="test_customer_menu_returns_branches" time="0.298" /><testcase classname="backend.tests.test_iteration_46.TestHealthCheck" name="test_api_health" time="0.043" /><testcase classname="backend.tests.test_iteration_46.TestHealthCheck" name="test_login_demo_user" time="0.263" /></testsuite></testsuites>