<?xml version="1.0" encoding="utf-8"?><testsuites name="pytest tests"><testsuite name="pytest" errors="0" failures="0" skipped="0" tests="16" time="4.414" timestamp="2026-01-26T14:31:56.656351+00:00" hostname="agent-env-d3a13c08-0007-41ab-b849-b4711f1d32d6"><testcase classname="backend.tests.test_iteration_29.TestAuthentication" name="test_owner_login" time="0.294" /><testcase classname="backend.tests.test_iteration_29.TestAuthentication" name="test_customer_login" time="0.260" /><testcase classname="backend.tests.test_iteration_29.TestSuperAdminStats" name="test_super_admin_stats_endpoint" time="0.318" /><testcase classname="backend.tests.test_iteration_29.TestTenantManagement" name="test_get_tenants_list" time="0.318" /><testcase classname="backend.tests.test_iteration_29.TestTenantManagement" name="test_deactivate_and_reactivate_tenant" time="0.487" /><testcase classname="backend.tests.test_iteration_29.TestTablesAPI" name="test_get_tables" time="0.340" /><testcase classname="backend.tests.test_iteration_29.TestCategoriesAndProducts" name="test_get_categories_with_images" time="0.303" /><testcase classname="backend.tests.test_iteration_29.TestCategoriesAndProducts" name="test_get_products_with_images" time="0.340" /><testcase classname="backend.tests.test_iteration_29.TestInvoiceSettings" name="test_get_system_invoice_settings" time="0.044" /><testcase classname="backend.tests.test_iteration_29.TestInvoiceSettings" name="test_update_system_invoice_settings" time="0.368" /><testcase classname="backend.tests.test_iteration_29.TestInvoiceSettings" name="test_get_tenant_invoice_settings" time="0.293" /><testcase classname="backend.tests.test_iteration_29.TestInvoiceSettings" name="test_update_tenant_invoice_settings" time="0.329" /><testcase classname="backend.tests.test_iteration_29.TestPOSEndpoints" name="test_get_branches" time="0.295" /><testcase classname="backend.tests.test_iteration_29.TestPOSEndpoints" name="test_get_drivers" time="0.293" /><testcase classname="backend.tests.test_iteration_29.TestHealthCheck" name="test_root_endpoint" time="0.036" /><testcase classname="backend.tests.test_iteration_29.TestHealthCheck" name="test_api_health" time="0.036" /></testsuite></testsuites>