<?xml version="1.0" encoding="utf-8"?><testsuites name="pytest tests"><testsuite name="pytest" errors="0" failures="0" skipped="0" tests="11" time="4.224" timestamp="2026-01-14T21:10:37.223225+00:00" hostname="agent-env-a0526346-470b-4ace-94b1-6f4e8d45c997"><testcase classname="tests.test_iteration8_user_isolation.TestUserDataIsolation" name="test_main_admin_login" time="0.288" /><testcase classname="tests.test_iteration8_user_isolation.TestUserDataIsolation" name="test_tenant_admin_login" time="0.292" /><testcase classname="tests.test_iteration8_user_isolation.TestUserDataIsolation" name="test_main_system_sees_only_main_users" time="0.283" /><testcase classname="tests.test_iteration8_user_isolation.TestUserDataIsolation" name="test_tenant_sees_only_own_users" time="0.286" /><testcase classname="tests.test_iteration8_user_isolation.TestSuperAdminTenantEdit" name="test_super_admin_login" time="0.301" /><testcase classname="tests.test_iteration8_user_isolation.TestSuperAdminTenantEdit" name="test_get_tenants_list" time="0.283" /><testcase classname="tests.test_iteration8_user_isolation.TestSuperAdminTenantEdit" name="test_update_tenant_api" time="0.363" /><testcase classname="tests.test_iteration8_user_isolation.TestSuperAdminTenantEdit" name="test_update_tenant_subscription" time="0.349" /><testcase classname="tests.test_iteration8_user_isolation.TestSuperAdminTenantEdit" name="test_update_tenant_with_welcome_email_flag" time="0.615" /><testcase classname="tests.test_iteration8_user_isolation.TestUserCreationWithTenantId" name="test_tenant_creates_user_with_tenant_id" time="0.536" /><testcase classname="tests.test_iteration8_user_isolation.TestUserCreationWithTenantId" name="test_main_admin_creates_user_without_tenant_id" time="0.556" /></testsuite></testsuites>