<?xml version="1.0" encoding="utf-8"?><testsuites name="pytest tests"><testsuite name="pytest" errors="0" failures="0" skipped="0" tests="5" time="2.379" timestamp="2026-02-21T22:01:10.034177+00:00" hostname="agent-env-3b34de0a-d4e0-472e-8c59-7afb123388b2"><testcase classname="backend.tests.test_new_features_iter96.TestNewFeatures" name="test_dashboard_settings_returns_new_features" time="0.507" /><testcase classname="backend.tests.test_new_features_iter96.TestNewFeatures" name="test_tenant_features_returns_new_features" time="0.584" /><testcase classname="backend.tests.test_new_features_iter96.TestNewFeatures" name="test_tenant_limits_api" time="0.148" /><testcase classname="backend.tests.test_new_features_iter96.TestNewFeatures" name="test_branch_creation_blocked_when_limit_reached" time="0.294" /><testcase classname="backend.tests.test_new_features_iter96.TestSuperAdminFeatures" name="test_update_tenant_features_with_new_features" time="0.782" /></testsuite></testsuites>