<?xml version="1.0" encoding="utf-8"?><testsuites name="pytest tests"><testsuite name="pytest" errors="0" failures="0" skipped="0" tests="21" time="2.063" timestamp="2026-01-23T00:28:42.253452+00:00" hostname="agent-env-2a4f401b-e91b-4ec4-9ff5-e9d5da25ceb0"><testcase classname="backend.tests.test_reports_routes.TestAuthentication" name="test_admin_login" time="0.303" /><testcase classname="backend.tests.test_reports_routes.TestAuthentication" name="test_owner_login" time="0.269" /><testcase classname="backend.tests.test_reports_routes.TestSalesReport" name="test_sales_report_basic" time="0.331" /><testcase classname="backend.tests.test_reports_routes.TestSalesReport" name="test_sales_report_with_date_filter" time="0.047" /><testcase classname="backend.tests.test_reports_routes.TestPurchasesReport" name="test_purchases_report_basic" time="0.048" /><testcase classname="backend.tests.test_reports_routes.TestPurchasesReport" name="test_purchases_report_with_date_filter" time="0.043" /><testcase classname="backend.tests.test_reports_routes.TestInventoryReport" name="test_inventory_report_basic" time="0.042" /><testcase classname="backend.tests.test_reports_routes.TestExpensesReport" name="test_expenses_report_basic" time="0.043" /><testcase classname="backend.tests.test_reports_routes.TestExpensesReport" name="test_expenses_report_with_date_filter" time="0.050" /><testcase classname="backend.tests.test_reports_routes.TestProfitLossReport" name="test_profit_loss_report_basic" time="0.045" /><testcase classname="backend.tests.test_reports_routes.TestProfitLossReport" name="test_profit_loss_report_with_date_filter" time="0.036" /><testcase classname="backend.tests.test_reports_routes.TestDeliveryCreditsReport" name="test_delivery_credits_report_basic" time="0.043" /><testcase classname="backend.tests.test_reports_routes.TestDeliveryCreditsReport" name="test_delivery_credits_report_with_date_filter" time="0.044" /><testcase classname="backend.tests.test_reports_routes.TestProductsReport" name="test_products_report_basic" time="0.038" /><testcase classname="backend.tests.test_reports_routes.TestProductsReport" name="test_products_report_with_date_filter" time="0.047" /><testcase classname="backend.tests.test_reports_routes.TestReportsWithOwnerAuth" name="test_sales_report_owner" time="0.301" /><testcase classname="backend.tests.test_reports_routes.TestReportsWithOwnerAuth" name="test_profit_loss_report_owner" time="0.038" /><testcase classname="backend.tests.test_reports_routes.TestReportsUnauthorized" name="test_sales_report_no_auth" time="0.032" /><testcase classname="backend.tests.test_reports_routes.TestReportsUnauthorized" name="test_profit_loss_report_no_auth" time="0.039" /><testcase classname="backend.tests.test_reports_routes.TestStaffAPI" name="test_get_staff_list" time="0.074" /><testcase classname="backend.tests.test_reports_routes.TestStaffAPI" name="test_get_staff_roles" time="0.047" /></testsuite></testsuites>