<?xml version="1.0" encoding="utf-8"?><testsuites name="pytest tests"><testsuite name="pytest" errors="0" failures="0" skipped="1" tests="14" time="2.838" timestamp="2026-02-09T21:21:28.922249+00:00" hostname="agent-env-82147e9a-d89e-40f2-b4da-9e6790a99e55"><testcase classname="backend.tests.test_driver_features_iter59.TestDriverLogin" name="test_01_driver_login_success" time="0.060" /><testcase classname="backend.tests.test_driver_features_iter59.TestDriverLogin" name="test_02_driver_login_wrong_pin" time="0.034" /><testcase classname="backend.tests.test_driver_features_iter59.TestDriverLogin" name="test_03_driver_login_unknown_phone" time="0.041" /><testcase classname="backend.tests.test_driver_features_iter59.TestDriverLogin" name="test_04_driver_login_missing_pin" time="0.039" /><testcase classname="backend.tests.test_driver_features_iter59.TestDriverCRUD" name="test_05_create_driver_with_custom_pin" time="0.368" /><testcase classname="backend.tests.test_driver_features_iter59.TestDriverCRUD" name="test_06_update_driver_pin" time="0.397" /><testcase classname="backend.tests.test_driver_features_iter59.TestDriverLocation" name="test_07_update_driver_location" time="0.064" /><testcase classname="backend.tests.test_driver_features_iter59.TestDriverLocation" name="test_08_update_location_invalid_driver" time="0.040" /><testcase classname="backend.tests.test_driver_features_iter59.TestDriverOrderStatus" name="test_09_driver_update_order_status_no_order" time="0.329" /><testcase classname="backend.tests.test_driver_features_iter59.TestDriverOrderStatus" name="test_10_driver_update_order_invalid_status" time="0.396" /><testcase classname="backend.tests.test_driver_features_iter59.TestDriverInfoForCustomer" name="test_11_get_driver_info_no_order" time="0.293" /><testcase classname="backend.tests.test_driver_features_iter59.TestDriverInfoForCustomer" name="test_12_get_driver_info_order_without_driver" time="0.286"><skipped type="pytest.skip" message="No orders without driver found">/app/backend/tests/test_driver_features_iter59.py:338: No orders without driver found</skipped></testcase><testcase classname="backend.tests.test_driver_features_iter59.TestAssignDriver" name="test_13_assign_driver_to_order" time="0.360" /><testcase classname="backend.tests.test_driver_features_iter59.TestDriverOrders" name="test_14_get_driver_orders" time="0.066" /></testsuite></testsuites>