<?xml version="1.0" encoding="utf-8"?><testsuites name="pytest tests"><testsuite name="pytest" errors="0" failures="0" skipped="0" tests="10" time="4.065" timestamp="2026-01-26T15:39:11.822319+00:00" hostname="agent-env-d3a13c08-0007-41ab-b849-b4711f1d32d6"><testcase classname="tests.test_iteration31.TestOwnerLogin" name="test_owner_login_success" time="0.291" /><testcase classname="tests.test_iteration31.TestSuperAdminLogin" name="test_super_admin_login_success" time="0.258" /><testcase classname="tests.test_iteration31.TestSuperAdminLogin" name="test_super_admin_login_wrong_secret" time="0.037" /><testcase classname="tests.test_iteration31.TestOwnerDashboard" name="test_get_all_tenants" time="0.349" /><testcase classname="tests.test_iteration31.TestOwnerDashboard" name="test_get_all_branches" time="0.387" /><testcase classname="tests.test_iteration31.TestAhmedNotExists" name="test_ahmed_login_fails" time="0.037" /><testcase classname="tests.test_iteration31.TestNoBranchNamedMainBranch" name="test_no_main_branch_arabic_name" time="0.381" /><testcase classname="tests.test_iteration31.TestClientLogin" name="test_client_login_success" time="1.051" /><testcase classname="tests.test_iteration31.TestClientLogin" name="test_client_sees_only_their_branches" time="1.132" /><testcase classname="tests.test_iteration31.TestHealthCheck" name="test_api_health" time="0.037" /></testsuite></testsuites>