<?xml version="1.0" encoding="utf-8"?><testsuites name="pytest tests"><testsuite name="pytest" errors="0" failures="0" skipped="0" tests="10" time="2.751" timestamp="2026-02-25T00:11:53.090205+00:00" hostname="agent-env-02900473-0852-41c8-b0c3-96cbac4410aa"><testcase classname="backend.tests.test_order_notifications_iter105.TestOrderNotificationsAPI" name="test_create_order_notification_success" time="0.201" /><testcase classname="backend.tests.test_order_notifications_iter105.TestOrderNotificationsAPI" name="test_create_order_notification_without_driver" time="0.109" /><testcase classname="backend.tests.test_order_notifications_iter105.TestOrderNotificationsAPI" name="test_get_notifications_by_branch" time="0.251" /><testcase classname="backend.tests.test_order_notifications_iter105.TestOrderNotificationsAPI" name="test_get_notifications_by_driver" time="0.267" /><testcase classname="backend.tests.test_order_notifications_iter105.TestOrderNotificationsAPI" name="test_mark_notification_as_read" time="0.295" /><testcase classname="backend.tests.test_order_notifications_iter105.TestOrderNotificationsAPI" name="test_mark_notification_as_printed" time="0.400" /><testcase classname="backend.tests.test_order_notifications_iter105.TestOrderNotificationsAPI" name="test_mark_nonexistent_notification_as_read" time="0.160" /><testcase classname="backend.tests.test_order_notifications_iter105.TestOrderNotificationsAPI" name="test_mark_all_notifications_read" time="0.578" /><testcase classname="backend.tests.test_order_notifications_iter105.TestOrderNotificationsAPI" name="test_cleanup_old_notifications" time="0.105" /><testcase classname="backend.tests.test_order_notifications_iter105.TestNotificationDataValidation" name="test_notification_structure" time="0.281" /></testsuite></testsuites>