<?xml version="1.0" encoding="utf-8"?><testsuites name="pytest tests"><testsuite name="pytest" errors="0" failures="3" skipped="0" tests="13" time="4.319" timestamp="2026-01-13T17:40:23.591220+00:00" hostname="agent-env-0b37bb38-3050-40e5-bbf1-87f41d7c76ec"><testcase classname="tests.test_iteration6_features.TestSuperAdminAuth" name="test_super_admin_login_success" time="0.306" /><testcase classname="tests.test_iteration6_features.TestSuperAdminAuth" name="test_super_admin_login_wrong_secret" time="0.039"><failure message="AssertionError: Expected 401, got 403&#10;assert 403 == 401&#10; +  where 403 = &lt;Response [403]&gt;.status_code">tests/test_iteration6_features.py:61: in test_super_admin_login_wrong_secret
    assert response.status_code == 401, f"Expected 401, got {response.status_code}"
E   AssertionError: Expected 401, got 403
E   assert 403 == 401
E    +  where 403 = &lt;Response [403]&gt;.status_code</failure></testcase><testcase classname="tests.test_iteration6_features.TestSuperAdminAuth" name="test_super_admin_login_wrong_password" time="0.275" /><testcase classname="tests.test_iteration6_features.TestSuperAdminDashboard" name="test_get_tenants_list" time="0.322" /><testcase classname="tests.test_iteration6_features.TestSuperAdminDashboard" name="test_get_super_admin_stats" time="0.314" /><testcase classname="tests.test_iteration6_features.TestSuperAdminDashboard" name="test_get_tenant_details" time="0.381" /><testcase classname="tests.test_iteration6_features.TestSuperAdminDashboard" name="test_get_tenant_live_stats" time="0.370"><failure message="AssertionError: Expected 200, got 404: {&quot;detail&quot;:&quot;Not Found&quot;}&#10;assert 404 == 200&#10; +  where 404 = &lt;Response [404]&gt;.status_code">tests/test_iteration6_features.py:176: in test_get_tenant_live_stats
    assert response.status_code == 200, f"Expected 200, got {response.status_code}: {response.text}"
E   AssertionError: Expected 200, got 404: {"detail":"Not Found"}
E   assert 404 == 200
E    +  where 404 = &lt;Response [404]&gt;.status_code</failure></testcase><testcase classname="tests.test_iteration6_features.TestSuperAdminResetSales" name="test_reset_tenant_sales_without_confirm" time="0.393" /><testcase classname="tests.test_iteration6_features.TestSuperAdminResetSales" name="test_reset_tenant_sales_endpoint_exists" time="0.360" /><testcase classname="tests.test_iteration6_features.TestCashRegisterSummary" name="test_cash_register_summary_no_shift" time="0.309" /><testcase classname="tests.test_iteration6_features.TestCashRegisterSummary" name="test_cash_register_summary_structure" time="0.363" /><testcase classname="tests.test_iteration6_features.TestSystemAdminAuth" name="test_system_admin_login_success" time="0.280" /><testcase classname="tests.test_iteration6_features.TestTenantToggleStatus" name="test_toggle_tenant_status_endpoint" time="0.363"><failure message="AssertionError: Expected 200, got 404: {&quot;detail&quot;:&quot;Not Found&quot;}&#10;assert 404 == 200&#10; +  where 404 = &lt;Response [404]&gt;.status_code">tests/test_iteration6_features.py:376: in test_toggle_tenant_status_endpoint
    assert response.status_code == 200, f"Expected 200, got {response.status_code}: {response.text}"
E   AssertionError: Expected 200, got 404: {"detail":"Not Found"}
E   assert 404 == 200
E    +  where 404 = &lt;Response [404]&gt;.status_code</failure></testcase></testsuite></testsuites>