<?xml version="1.0" encoding="utf-8"?><testsuites name="pytest tests"><testsuite name="pytest" errors="0" failures="0" skipped="1" tests="14" time="2.667" timestamp="2026-01-13T02:01:12.247062+00:00" hostname="agent-env-7fcf48f1-3bb8-44b2-bdf5-8eaf1f9a5e49"><testcase classname="tests.test_iteration4_features.TestAuth" name="test_admin_login" time="0.290" /><testcase classname="tests.test_iteration4_features.TestPendingOrdersFix" name="test_takeaway_order_pending_status" time="0.444" /><testcase classname="tests.test_iteration4_features.TestPendingOrdersFix" name="test_dine_in_order_pending_status" time="0.047"><skipped type="pytest.skip" message="No available tables">/app/tests/test_iteration4_features.py:107: No available tables</skipped></testcase><testcase classname="tests.test_iteration4_features.TestPendingOrdersFix" name="test_delivery_order_ready_status" time="0.047" /><testcase classname="tests.test_iteration4_features.TestDriverLocationTracking" name="test_update_driver_location" time="0.078" /><testcase classname="tests.test_iteration4_features.TestDriverLocationTracking" name="test_get_drivers_locations" time="0.307" /><testcase classname="tests.test_iteration4_features.TestDriverLocationTracking" name="test_get_drivers_locations_with_branch_filter" time="0.077" /><testcase classname="tests.test_iteration4_features.TestDriverPortalAPI" name="test_get_driver_portal_by_id" time="0.083" /><testcase classname="tests.test_iteration4_features.TestDriverPortalAPI" name="test_get_driver_portal_by_phone" time="0.080" /><testcase classname="tests.test_iteration4_features.TestDriverPortalAPI" name="test_driver_portal_complete_delivery" time="0.039" /><testcase classname="tests.test_iteration4_features.TestDeliveryRole" name="test_create_delivery_user" time="0.614" /><testcase classname="tests.test_iteration4_features.TestDriverStats" name="test_get_driver_stats" time="0.074" /><testcase classname="tests.test_iteration4_features.TestDriverStats" name="test_get_driver_orders" time="0.040" /><testcase classname="tests.test_iteration4_features.TestGetPendingOrders" name="test_get_pending_orders" time="0.300" /></testsuite></testsuites>