<?xml version="1.0" encoding="utf-8"?><testsuites name="pytest tests"><testsuite name="pytest" errors="0" failures="0" skipped="0" tests="12" time="5.330" timestamp="2026-01-26T23:38:33.435628+00:00" hostname="agent-env-1229ef21-e5c5-430e-b6ee-8693a64034b1"><testcase classname="backend.tests.test_subscription_packages_iter39.TestSubscriptionPackages" name="test_create_tenant_bronze_package" time="0.586" /><testcase classname="backend.tests.test_subscription_packages_iter39.TestSubscriptionPackages" name="test_create_tenant_silver_package" time="0.643" /><testcase classname="backend.tests.test_subscription_packages_iter39.TestSubscriptionPackages" name="test_create_tenant_gold_package" time="0.633" /><testcase classname="backend.tests.test_subscription_packages_iter39.TestSubscriptionPackages" name="test_update_tenant_subscription_to_new_package" time="0.620" /><testcase classname="backend.tests.test_subscription_packages_iter39.TestSubscriptionPackages" name="test_get_subscription_prices_new_packages" time="0.298" /><testcase classname="backend.tests.test_subscription_packages_iter39.TestSubscriptionPackages" name="test_save_subscription_prices" time="0.385" /><testcase classname="backend.tests.test_subscription_packages_iter39.TestSubscriptionPackages" name="test_notification_settings_default_15_days" time="0.334" /><testcase classname="backend.tests.test_subscription_packages_iter39.TestSubscriptionPackages" name="test_email_notifications_disabled" time="0.294" /><testcase classname="backend.tests.test_subscription_packages_iter39.TestSubscriptionPackages" name="test_new_packages_in_subscriptions_dashboard" time="0.289" /><testcase classname="backend.tests.test_subscription_packages_iter39.TestSubscriptionPackages" name="test_expected_revenue_calculation" time="0.574" /><testcase classname="backend.tests.test_subscription_packages_iter39.TestNotificationSettings" name="test_update_notification_settings" time="0.338" /><testcase classname="backend.tests.test_subscription_packages_iter39.TestNotificationSettings" name="test_get_expiring_subscriptions" time="0.269" /></testsuite></testsuites>