<?xml version="1.0" encoding="utf-8"?><testsuites name="pytest tests"><testsuite name="pytest" errors="0" failures="0" skipped="0" tests="26" time="7.254" timestamp="2026-01-16T15:30:23.957119+00:00" hostname="agent-env-88e1010e-3ab6-4ad0-b253-7c9a3f565cd1"><testcase classname="tests.test_iteration9_comprehensive.TestAuthentication" name="test_super_admin_login" time="0.310" /><testcase classname="tests.test_iteration9_comprehensive.TestAuthentication" name="test_admin_login" time="0.274" /><testcase classname="tests.test_iteration9_comprehensive.TestAuthentication" name="test_tenant_login" time="0.257" /><testcase classname="tests.test_iteration9_comprehensive.TestDashboardAPIs" name="test_get_branches" time="0.271" /><testcase classname="tests.test_iteration9_comprehensive.TestDashboardAPIs" name="test_get_categories" time="0.264" /><testcase classname="tests.test_iteration9_comprehensive.TestDashboardAPIs" name="test_get_products" time="0.275" /><testcase classname="tests.test_iteration9_comprehensive.TestDashboardAPIs" name="test_get_orders" time="0.271" /><testcase classname="tests.test_iteration9_comprehensive.TestDashboardAPIs" name="test_get_sales_report" time="0.267" /><testcase classname="tests.test_iteration9_comprehensive.TestDashboardAPIs" name="test_get_dashboard_settings" time="0.267" /><testcase classname="tests.test_iteration9_comprehensive.TestHRAPIs" name="test_get_employees" time="0.265" /><testcase classname="tests.test_iteration9_comprehensive.TestHRAPIs" name="test_get_attendance" time="0.309" /><testcase classname="tests.test_iteration9_comprehensive.TestHRAPIs" name="test_get_advances" time="0.261" /><testcase classname="tests.test_iteration9_comprehensive.TestHRAPIs" name="test_get_deductions" time="0.264" /><testcase classname="tests.test_iteration9_comprehensive.TestHRAPIs" name="test_get_bonuses" time="0.262" /><testcase classname="tests.test_iteration9_comprehensive.TestHRAPIs" name="test_get_payroll" time="0.308" /><testcase classname="tests.test_iteration9_comprehensive.TestDeliveryAPIs" name="test_get_drivers" time="0.310" /><testcase classname="tests.test_iteration9_comprehensive.TestDeliveryAPIs" name="test_get_driver_locations" time="0.266" /><testcase classname="tests.test_iteration9_comprehensive.TestInventoryAPIs" name="test_get_inventory" time="0.277" /><testcase classname="tests.test_iteration9_comprehensive.TestInventoryAPIs" name="test_get_inventory_transfers" time="0.262" /><testcase classname="tests.test_iteration9_comprehensive.TestSuperAdminAPIs" name="test_get_tenants" time="0.298" /><testcase classname="tests.test_iteration9_comprehensive.TestSuperAdminAPIs" name="test_get_super_admin_stats" time="0.265" /><testcase classname="tests.test_iteration9_comprehensive.TestSuperAdminAPIs" name="test_get_login_backgrounds" time="0.264" /><testcase classname="tests.test_iteration9_comprehensive.TestExpensesAPIs" name="test_get_expenses" time="0.266" /><testcase classname="tests.test_iteration9_comprehensive.TestExpensesAPIs" name="test_get_expense_categories" time="0.266" /><testcase classname="tests.test_iteration9_comprehensive.TestTablesAPIs" name="test_get_tables" time="0.307" /><testcase classname="tests.test_iteration9_comprehensive.TestUsersAPIs" name="test_get_users" time="0.274" /></testsuite></testsuites>