<?xml version="1.0" encoding="utf-8"?><testsuites name="pytest tests"><testsuite name="pytest" errors="0" failures="0" skipped="1" tests="14" time="1.346" timestamp="2026-02-09T21:50:59.329817+00:00" hostname="agent-env-82147e9a-d89e-40f2-b4da-9e6790a99e55"><testcase classname="backend.tests.test_driver_features_iter60.TestDriverLogin" name="test_01_driver_login_success" time="0.065" /><testcase classname="backend.tests.test_driver_features_iter60.TestDriverLogin" name="test_02_driver_login_wrong_pin" time="0.040" /><testcase classname="backend.tests.test_driver_features_iter60.TestDriverLogin" name="test_03_driver_login_unknown_phone" time="0.034" /><testcase classname="backend.tests.test_driver_features_iter60.TestDriverLogin" name="test_04_driver_login_missing_pin" time="0.032" /><testcase classname="backend.tests.test_driver_features_iter60.TestDriverOrders" name="test_05_get_driver_orders" time="0.077" /><testcase classname="backend.tests.test_driver_features_iter60.TestDriverLocation" name="test_06_update_driver_location" time="0.069" /><testcase classname="backend.tests.test_driver_features_iter60.TestDriverLocation" name="test_07_update_location_invalid_driver" time="0.077" /><testcase classname="backend.tests.test_driver_features_iter60.TestDriverOrderStatus" name="test_08_update_order_status_invalid_order" time="0.035" /><testcase classname="backend.tests.test_driver_features_iter60.TestDriverOrderStatus" name="test_09_update_order_status_invalid_status" time="0.032"><skipped type="pytest.skip" message="No orders found to test">/app/backend/tests/test_driver_features_iter60.py:168: No orders found to test</skipped></testcase><testcase classname="backend.tests.test_driver_features_iter60.TestSystemSettings" name="test_10_get_currencies" time="0.032" /><testcase classname="backend.tests.test_driver_features_iter60.TestSystemSettings" name="test_11_get_languages" time="0.077" /><testcase classname="backend.tests.test_driver_features_iter60.TestSystemSettings" name="test_12_get_countries" time="0.030" /><testcase classname="backend.tests.test_driver_features_iter60.TestDriversManagement" name="test_13_get_all_drivers" time="0.297" /><testcase classname="backend.tests.test_driver_features_iter60.TestDriversManagement" name="test_14_create_driver_with_pin" time="0.390" /></testsuite></testsuites>