<?xml version="1.0" encoding="utf-8"?><testsuites name="pytest tests"><testsuite name="pytest" errors="0" failures="0" skipped="0" tests="14" time="3.789" timestamp="2026-01-23T02:25:21.908806+00:00" hostname="agent-env-2a4f401b-e91b-4ec4-9ff5-e9d5da25ceb0"><testcase classname="backend.tests.test_iteration_26.TestAuthentication" name="test_owner_login" time="0.281" /><testcase classname="backend.tests.test_iteration_26.TestAuthentication" name="test_admin_login" time="0.257" /><testcase classname="backend.tests.test_iteration_26.TestProductsAPI" name="test_get_products" time="0.311" /><testcase classname="backend.tests.test_iteration_26.TestProductsAPI" name="test_update_product_with_packaging_cost" time="0.418" /><testcase classname="backend.tests.test_iteration_26.TestManufacturedProductsAPI" name="test_get_manufactured_products" time="0.299" /><testcase classname="backend.tests.test_iteration_26.TestReportsAPI" name="test_get_sales_report" time="0.303" /><testcase classname="backend.tests.test_iteration_26.TestOrdersWithPackagingCost" name="test_get_orders" time="0.294" /><testcase classname="backend.tests.test_iteration_26.TestSuperAdminAccess" name="test_super_admin_branding_access" time="0.287" /><testcase classname="backend.tests.test_iteration_26.TestSuperAdminAccess" name="test_admin_cannot_access_super_admin_endpoints" time="0.317" /><testcase classname="backend.tests.test_iteration_26.TestSuperAdminAccess" name="test_get_tenants_as_super_admin" time="0.303" /><testcase classname="backend.tests.test_iteration_26.TestCategoriesAPI" name="test_get_categories" time="0.290" /><testcase classname="backend.tests.test_iteration_26.TestBranchesAPI" name="test_get_branches" time="0.298" /><testcase classname="backend.tests.test_iteration_26.TestHealthEndpoints" name="test_root_health" time="0.037" /><testcase classname="backend.tests.test_iteration_26.TestHealthEndpoints" name="test_api_health" time="0.034" /></testsuite></testsuites>