<?xml version="1.0" encoding="utf-8"?><testsuites name="pytest tests"><testsuite name="pytest" errors="0" failures="0" skipped="0" tests="14" time="3.872" timestamp="2026-01-26T19:03:09.365498+00:00" hostname="agent-env-cd98f6f9-77c6-4872-b4db-eddc1cc4e3e1"><testcase classname="backend.tests.test_features_modal_iter33.TestSuperAdminLogin" name="test_api_health" time="0.058" /><testcase classname="backend.tests.test_features_modal_iter33.TestSuperAdminLogin" name="test_super_admin_login_success" time="0.265" /><testcase classname="backend.tests.test_features_modal_iter33.TestSuperAdminLogin" name="test_super_admin_login_wrong_secret" time="0.044" /><testcase classname="backend.tests.test_features_modal_iter33.TestSuperAdminLogin" name="test_super_admin_login_wrong_password" time="0.258" /><testcase classname="backend.tests.test_features_modal_iter33.TestTenantsListAPI" name="test_get_tenants_list" time="0.317" /><testcase classname="backend.tests.test_features_modal_iter33.TestTenantsListAPI" name="test_get_super_admin_stats" time="0.309" /><testcase classname="backend.tests.test_features_modal_iter33.TestFeaturesAPI" name="test_get_tenant_features" time="0.340" /><testcase classname="backend.tests.test_features_modal_iter33.TestFeaturesAPI" name="test_update_tenant_features" time="0.507" /><testcase classname="backend.tests.test_features_modal_iter33.TestFeaturesAPI" name="test_enable_all_features" time="0.392" /><testcase classname="backend.tests.test_features_modal_iter33.TestFeaturesAPI" name="test_disable_all_features" time="0.380" /><testcase classname="backend.tests.test_features_modal_iter33.TestFeaturesAPI" name="test_features_api_unauthorized" time="0.047" /><testcase classname="backend.tests.test_features_modal_iter33.TestFeaturesAPI" name="test_features_api_invalid_tenant" time="0.298" /><testcase classname="backend.tests.test_features_modal_iter33.TestClientFeaturesApplication" name="test_client_login" time="0.257" /><testcase classname="backend.tests.test_features_modal_iter33.TestClientFeaturesApplication" name="test_client_settings_endpoint" time="0.341" /></testsuite></testsuites>