<?xml version="1.0" encoding="utf-8"?><testsuites name="pytest tests"><testsuite name="pytest" errors="0" failures="11" skipped="0" tests="17" time="7.924" timestamp="2026-03-03T20:26:23.152880+00:00" hostname="agent-env-9374bffc-888e-49d7-8e1c-21ac8c97ad79"><testcase classname="backend.tests.test_offline_sync_iter106.TestOfflineSyncRoutes" name="test_sync_order_success" time="0.500"><failure message="AssertionError: Expected 200, got 404: {&quot;detail&quot;:&quot;Not Found&quot;}&#10;assert 404 == 200&#10; +  where 404 = &lt;Response [404]&gt;.status_code">backend/tests/test_offline_sync_iter106.py:66: in test_sync_order_success
    assert response.status_code == 200, f"Expected 200, got {response.status_code}: {response.text}"
E   AssertionError: Expected 200, got 404: {"detail":"Not Found"}
E   assert 404 == 200
E    +  where 404 = &lt;Response [404]&gt;.status_code</failure></testcase><testcase classname="backend.tests.test_offline_sync_iter106.TestOfflineSyncRoutes" name="test_sync_duplicate_order" time="0.421"><failure message="assert 404 == 200&#10; +  where 404 = &lt;Response [404]&gt;.status_code">backend/tests/test_offline_sync_iter106.py:89: in test_sync_duplicate_order
    assert response1.status_code == 200
E   assert 404 == 200
E    +  where 404 = &lt;Response [404]&gt;.status_code</failure></testcase><testcase classname="backend.tests.test_offline_sync_iter106.TestOfflineSyncRoutes" name="test_sync_order_with_delivery" time="0.438"><failure message="assert 404 == 200&#10; +  where 404 = &lt;Response [404]&gt;.status_code">backend/tests/test_offline_sync_iter106.py:121: in test_sync_order_with_delivery
    assert response.status_code == 200
E   assert 404 == 200
E    +  where 404 = &lt;Response [404]&gt;.status_code</failure></testcase><testcase classname="backend.tests.test_offline_sync_iter106.TestOfflineSyncRoutes" name="test_sync_customer_success" time="0.483"><failure message="assert 404 == 200&#10; +  where 404 = &lt;Response [404]&gt;.status_code">backend/tests/test_offline_sync_iter106.py:139: in test_sync_customer_success
    assert response.status_code == 200
E   assert 404 == 200
E    +  where 404 = &lt;Response [404]&gt;.status_code</failure></testcase><testcase classname="backend.tests.test_offline_sync_iter106.TestOfflineSyncRoutes" name="test_sync_duplicate_customer_by_phone" time="0.435"><failure message="assert 404 == 200&#10; +  where 404 = &lt;Response [404]&gt;.status_code">backend/tests/test_offline_sync_iter106.py:156: in test_sync_duplicate_customer_by_phone
    assert response1.status_code == 200
E   assert 404 == 200
E    +  where 404 = &lt;Response [404]&gt;.status_code</failure></testcase><testcase classname="backend.tests.test_offline_sync_iter106.TestOfflineSyncRoutes" name="test_sync_table_update" time="0.452"><failure message="assert 404 == 200&#10; +  where 404 = &lt;Response [404]&gt;.status_code">backend/tests/test_offline_sync_iter106.py:188: in test_sync_table_update
    assert response.status_code == 200
E   assert 404 == 200
E    +  where 404 = &lt;Response [404]&gt;.status_code</failure></testcase><testcase classname="backend.tests.test_offline_sync_iter106.TestOfflineSyncRoutes" name="test_sync_table_not_found" time="0.393" /><testcase classname="backend.tests.test_offline_sync_iter106.TestOfflineSyncRoutes" name="test_sync_attendance_success" time="0.407"><failure message="assert 404 == 200&#10; +  where 404 = &lt;Response [404]&gt;.status_code">backend/tests/test_offline_sync_iter106.py:223: in test_sync_attendance_success
    assert response.status_code == 200
E   assert 404 == 200
E    +  where 404 = &lt;Response [404]&gt;.status_code</failure></testcase><testcase classname="backend.tests.test_offline_sync_iter106.TestOfflineSyncRoutes" name="test_sync_inventory_transaction" time="0.461"><failure message="assert 404 == 200&#10; +  where 404 = &lt;Response [404]&gt;.status_code">backend/tests/test_offline_sync_iter106.py:245: in test_sync_inventory_transaction
    assert response.status_code == 200
E   assert 404 == 200
E    +  where 404 = &lt;Response [404]&gt;.status_code</failure></testcase><testcase classname="backend.tests.test_offline_sync_iter106.TestOfflineSyncRoutes" name="test_sync_inventory_duplicate" time="0.425"><failure message="assert 404 == 200&#10; +  where 404 = &lt;Response [404]&gt;.status_code">backend/tests/test_offline_sync_iter106.py:263: in test_sync_inventory_duplicate
    assert response1.status_code == 200
E   assert 404 == 200
E    +  where 404 = &lt;Response [404]&gt;.status_code</failure></testcase><testcase classname="backend.tests.test_offline_sync_iter106.TestOfflineSyncRoutes" name="test_get_sync_status" time="0.438"><failure message="assert 404 == 200&#10; +  where 404 = &lt;Response [404]&gt;.status_code">backend/tests/test_offline_sync_iter106.py:279: in test_get_sync_status
    assert response.status_code == 200
E   assert 404 == 200
E    +  where 404 = &lt;Response [404]&gt;.status_code</failure></testcase><testcase classname="backend.tests.test_offline_sync_iter106.TestOfflineSyncRoutes" name="test_batch_sync" time="0.416"><failure message="assert 404 == 200&#10; +  where 404 = &lt;Response [404]&gt;.status_code">backend/tests/test_offline_sync_iter106.py:309: in test_batch_sync
    assert response.status_code == 200
E   assert 404 == 200
E    +  where 404 = &lt;Response [404]&gt;.status_code</failure></testcase><testcase classname="backend.tests.test_offline_sync_iter106.TestCoreAPIs" name="test_get_categories" time="0.403" /><testcase classname="backend.tests.test_offline_sync_iter106.TestCoreAPIs" name="test_get_products" time="0.513" /><testcase classname="backend.tests.test_offline_sync_iter106.TestCoreAPIs" name="test_get_tables" time="0.391" /><testcase classname="backend.tests.test_offline_sync_iter106.TestCoreAPIs" name="test_get_orders" time="0.386" /><testcase classname="backend.tests.test_offline_sync_iter106.TestCoreAPIs" name="test_get_branches" time="0.815" /></testsuite></testsuites>