<?xml version="1.0" encoding="utf-8"?><testsuites name="pytest tests"><testsuite name="pytest" errors="0" failures="0" skipped="0" tests="13" time="4.238" timestamp="2026-01-13T17:41:38.077185+00:00" hostname="agent-env-0b37bb38-3050-40e5-bbf1-87f41d7c76ec"><testcase classname="tests.test_iteration6_features.TestSuperAdminAuth" name="test_super_admin_login_success" time="0.302" /><testcase classname="tests.test_iteration6_features.TestSuperAdminAuth" name="test_super_admin_login_wrong_secret" time="0.057" /><testcase classname="tests.test_iteration6_features.TestSuperAdminAuth" name="test_super_admin_login_wrong_password" time="0.266" /><testcase classname="tests.test_iteration6_features.TestSuperAdminDashboard" name="test_get_tenants_list" time="0.333" /><testcase classname="tests.test_iteration6_features.TestSuperAdminDashboard" name="test_get_super_admin_stats" time="0.371" /><testcase classname="tests.test_iteration6_features.TestSuperAdminDashboard" name="test_get_tenant_details" time="0.370" /><testcase classname="tests.test_iteration6_features.TestSuperAdminDashboard" name="test_get_tenant_live_stats" time="0.401" /><testcase classname="tests.test_iteration6_features.TestSuperAdminResetSales" name="test_reset_tenant_sales_without_confirm" time="0.393" /><testcase classname="tests.test_iteration6_features.TestSuperAdminResetSales" name="test_reset_tenant_sales_endpoint_exists" time="0.345" /><testcase classname="tests.test_iteration6_features.TestCashRegisterSummary" name="test_cash_register_summary_no_shift" time="0.342" /><testcase classname="tests.test_iteration6_features.TestCashRegisterSummary" name="test_cash_register_summary_structure" time="0.341" /><testcase classname="tests.test_iteration6_features.TestSystemAdminAuth" name="test_system_admin_login_success" time="0.260" /><testcase classname="tests.test_iteration6_features.TestTenantToggleStatus" name="test_toggle_tenant_status_endpoint" time="0.385" /></testsuite></testsuites>