<?xml version="1.0" encoding="utf-8"?><testsuites name="pytest tests"><testsuite name="pytest" errors="0" failures="0" skipped="0" tests="14" time="2.839" timestamp="2026-02-17T17:09:15.542314+00:00" hostname="agent-env-53b69a0b-b553-4131-bf54-4a1156f05b23"><testcase classname="backend.tests.test_profit_loss_iter85.TestProfitLossReport" name="test_profit_loss_returns_200" time="0.679" /><testcase classname="backend.tests.test_profit_loss_iter85.TestProfitLossReport" name="test_profit_loss_has_fixed_costs_structure" time="0.178" /><testcase classname="backend.tests.test_profit_loss_iter85.TestProfitLossReport" name="test_profit_loss_has_salaries_structure" time="0.117" /><testcase classname="backend.tests.test_profit_loss_iter85.TestProfitLossReport" name="test_profit_loss_has_total_operating_costs" time="0.152" /><testcase classname="backend.tests.test_profit_loss_iter85.TestProfitLossReport" name="test_profit_loss_has_net_profit" time="0.131" /><testcase classname="backend.tests.test_profit_loss_iter85.TestProfitLossReport" name="test_profit_loss_with_branch_filter" time="0.119" /><testcase classname="backend.tests.test_profit_loss_iter85.TestDashboardStats" name="test_dashboard_stats_returns_200" time="0.293" /><testcase classname="backend.tests.test_profit_loss_iter85.TestDashboardStats" name="test_dashboard_stats_has_today_with_profit_fields" time="0.129" /><testcase classname="backend.tests.test_profit_loss_iter85.TestDashboardStats" name="test_dashboard_stats_has_week_with_profit_fields" time="0.265" /><testcase classname="backend.tests.test_profit_loss_iter85.TestDashboardStats" name="test_dashboard_stats_has_month_with_profit_fields" time="0.122" /><testcase classname="backend.tests.test_profit_loss_iter85.TestDashboardStats" name="test_dashboard_stats_profit_calculation_logic" time="0.112" /><testcase classname="backend.tests.test_profit_loss_iter85.TestDashboardStats" name="test_dashboard_stats_with_branch_filter" time="0.183" /><testcase classname="backend.tests.test_profit_loss_iter85.TestBreakEvenAPI" name="test_break_even_daily_returns_200" time="0.140" /><testcase classname="backend.tests.test_profit_loss_iter85.TestBreakEvenAPI" name="test_break_even_monthly_returns_200" time="0.144" /></testsuite></testsuites>