<?xml version="1.0" encoding="utf-8"?><testsuites name="pytest tests"><testsuite name="pytest" errors="0" failures="0" skipped="1" tests="6" time="3.090" timestamp="2026-02-21T19:10:56.041996+00:00" hostname="agent-env-3b34de0a-d4e0-472e-8c59-7afb123388b2"><testcase classname="backend.tests.test_tenant_limits.TestTenantLimits" name="test_get_tenant_limits_returns_correct_structure" time="0.445" /><testcase classname="backend.tests.test_tenant_limits.TestTenantLimits" name="test_tenant_limits_values_for_demo_user" time="0.434" /><testcase classname="backend.tests.test_tenant_limits.TestTenantLimits" name="test_create_branch_fails_when_limit_reached" time="0.663" /><testcase classname="backend.tests.test_tenant_limits.TestTenantLimits" name="test_create_user_fails_when_limit_reached" time="0.519"><skipped type="pytest.skip" message="User limit not reached, cannot test limit enforcement">/app/backend/tests/test_tenant_limits.py:162: User limit not reached, cannot test limit enforcement</skipped></testcase><testcase classname="backend.tests.test_tenant_limits.TestSuperAdminTenantEdit" name="test_get_tenants_list" time="0.405" /><testcase classname="backend.tests.test_tenant_limits.TestSuperAdminTenantEdit" name="test_update_tenant_limits" time="0.558" /></testsuite></testsuites>