<?xml version="1.0" encoding="utf-8"?><testsuites name="pytest tests"><testsuite name="pytest" errors="0" failures="3" skipped="0" tests="15" time="4.387" timestamp="2026-01-22T19:11:05.671715+00:00" hostname="agent-env-2fb48303-ed0f-409b-9ee5-203aeb38bd35"><testcase classname="tests.test_iteration21_maestro.TestHealthAndAuth" name="test_health_check" time="0.101" /><testcase classname="tests.test_iteration21_maestro.TestHealthAndAuth" name="test_admin_login" time="0.259" /><testcase classname="tests.test_iteration21_maestro.TestHealthAndAuth" name="test_super_admin_login" time="0.258" /><testcase classname="tests.test_iteration21_maestro.TestDashboard" name="test_dashboard_stats" time="0.301" /><testcase classname="tests.test_iteration21_maestro.TestPOS" name="test_get_categories" time="0.304" /><testcase classname="tests.test_iteration21_maestro.TestPOS" name="test_get_products" time="0.331" /><testcase classname="tests.test_iteration21_maestro.TestDrivers" name="test_get_drivers" time="0.341" /><testcase classname="tests.test_iteration21_maestro.TestHR" name="test_get_employees" time="0.295" /><testcase classname="tests.test_iteration21_maestro.TestBranches" name="test_get_branches" time="0.293" /><testcase classname="tests.test_iteration21_maestro.TestDelivery" name="test_get_delivery_orders" time="0.303"><failure message="assert 520 == 200&#10; +  where 520 = &lt;Response [520]&gt;.status_code">tests/test_iteration21_maestro.py:194: in test_get_delivery_orders
    assert response.status_code == 200
E   assert 520 == 200
E    +  where 520 = &lt;Response [520]&gt;.status_code</failure></testcase><testcase classname="tests.test_iteration21_maestro.TestOrders" name="test_get_orders" time="0.296"><failure message="assert 520 == 200&#10; +  where 520 = &lt;Response [520]&gt;.status_code">tests/test_iteration21_maestro.py:214: in test_get_orders
    assert response.status_code == 200
E   assert 520 == 200
E    +  where 520 = &lt;Response [520]&gt;.status_code</failure></testcase><testcase classname="tests.test_iteration21_maestro.TestInvoices" name="test_get_invoice_templates" time="0.290"><failure message="assert 404 == 200&#10; +  where 404 = &lt;Response [404]&gt;.status_code">tests/test_iteration21_maestro.py:235: in test_get_invoice_templates
    assert response.status_code == 200
E   assert 404 == 200
E    +  where 404 = &lt;Response [404]&gt;.status_code</failure></testcase><testcase classname="tests.test_iteration21_maestro.TestInvoices" name="test_get_printers" time="0.289" /><testcase classname="tests.test_iteration21_maestro.TestCoupons" name="test_get_coupons" time="0.287" /><testcase classname="tests.test_iteration21_maestro.TestCoupons" name="test_get_promotions" time="0.297" /></testsuite></testsuites>