<?xml version="1.0" encoding="utf-8"?><testsuites name="pytest tests"><testsuite name="pytest" errors="0" failures="0" skipped="0" tests="8" time="1.785" timestamp="2026-02-08T14:11:24.243777+00:00" hostname="agent-env-1229ef21-e5c5-430e-b6ee-8693a64034b1"><testcase classname="backend.tests.test_iteration_47.TestCustomerMenuAPI" name="test_customer_menu_with_slug" time="0.089" /><testcase classname="backend.tests.test_iteration_47.TestCustomerMenuAPI" name="test_customer_menu_branches_filtered" time="0.044" /><testcase classname="backend.tests.test_iteration_47.TestCustomerMenuAPI" name="test_customer_menu_logo" time="0.045" /><testcase classname="backend.tests.test_iteration_47.TestAuthAndBranches" name="test_login_demo_user" time="0.264" /><testcase classname="backend.tests.test_iteration_47.TestAuthAndBranches" name="test_branches_filtered" time="0.302" /><testcase classname="backend.tests.test_iteration_47.TestTablesPerBranch" name="test_tables_aljadreia_branch" time="0.341" /><testcase classname="backend.tests.test_iteration_47.TestTablesPerBranch" name="test_tables_alsaydaia_branch" time="0.339" /><testcase classname="backend.tests.test_iteration_47.TestReportsAPI" name="test_sales_report" time="0.305" /></testsuite></testsuites>